2023-04-18 09:29:11.680 INFO  [main] com.aptiv.smb.Application - Starting Application on DL9X08TT3 with PID 18612 (C:\MyProject\smbFileReadAndAnalysis\target\classes started by z7h3qv in C:\MyProject\smbFileReadAndAnalysis)
2023-04-18 09:29:11.682 INFO  [main] com.aptiv.smb.Application - No active profile set, falling back to default profiles: default
2023-04-18 09:29:12.638 INFO  [main] org.springframework.boot.web.embedded.tomcat.TomcatWebServer - Tomcat initialized with port(s): 8080 (http)
2023-04-18 09:29:12.644 INFO  [main] org.apache.coyote.http11.Http11NioProtocol - Initializing ProtocolHandler ["http-nio-8080"]
2023-04-18 09:29:12.645 INFO  [main] org.apache.catalina.core.StandardService - Starting service [Tomcat]
2023-04-18 09:29:12.646 INFO  [main] org.apache.catalina.core.StandardEngine - Starting Servlet engine: [Apache Tomcat/9.0.38]
2023-04-18 09:29:12.720 INFO  [main] org.apache.catalina.core.ContainerBase.[Tomcat].[localhost].[/] - Initializing Spring embedded WebApplicationContext
2023-04-18 09:29:12.720 INFO  [main] org.springframework.boot.web.servlet.context.ServletWebServerApplicationContext - Root WebApplicationContext: initialization completed in 999 ms
2023-04-18 09:29:13.015 INFO  [main] springfox.documentation.spring.web.PropertySourcedRequestMappingHandlerMapping - Mapped URL path [/v2/api-docs] onto method [springfox.documentation.swagger2.web.Swagger2Controller#getDocumentation(String, HttpServletRequest)]
2023-04-18 09:29:13.093 INFO  [main] org.springframework.scheduling.concurrent.ThreadPoolTaskExecutor - Initializing ExecutorService 'applicationTaskExecutor'
2023-04-18 09:29:13.172 INFO  [main] org.springframework.scheduling.concurrent.ThreadPoolTaskScheduler - Initializing ExecutorService 'taskScheduler'
2023-04-18 09:29:13.184 INFO  [main] org.apache.coyote.http11.Http11NioProtocol - Starting ProtocolHandler ["http-nio-8080"]
2023-04-18 09:29:13.244 INFO  [main] org.springframework.boot.web.embedded.tomcat.TomcatWebServer - Tomcat started on port(s): 8080 (http) with context path ''
2023-04-18 09:29:13.245 INFO  [main] springfox.documentation.spring.web.plugins.DocumentationPluginsBootstrapper - Context refreshed
2023-04-18 09:29:13.255 INFO  [main] springfox.documentation.spring.web.plugins.DocumentationPluginsBootstrapper - Found 1 custom documentation plugin(s)
2023-04-18 09:29:13.281 INFO  [main] springfox.documentation.spring.web.scanners.ApiListingReferenceScanner - Scanning for api listing references
2023-04-18 09:29:13.339 INFO  [main] com.aptiv.smb.Application - Started Application in 1.972 seconds (JVM running for 2.841)
2023-04-18 09:29:13.341 INFO  [main] com.aptiv.smb.Application - [32m-------------------程序启动成功-------------------[0;39m
2023-04-18 14:40:20.067 INFO  [http-nio-8080-exec-1] org.apache.catalina.core.ContainerBase.[Tomcat].[localhost].[/] - Initializing Spring DispatcherServlet 'dispatcherServlet'
2023-04-18 14:40:20.070 INFO  [http-nio-8080-exec-1] org.springframework.web.servlet.DispatcherServlet - Initializing Servlet 'dispatcherServlet'
2023-04-18 14:40:20.106 INFO  [http-nio-8080-exec-1] org.springframework.web.servlet.DispatcherServlet - Completed initialization in 35 ms
2023-04-18 14:40:59.997 INFO  [main] com.aptiv.smb.Application - Starting Application on DL9X08TT3 with PID 3708 (C:\MyProject\smbFileReadAndAnalysis\target\classes started by z7h3qv in C:\MyProject\smbFileReadAndAnalysis)
2023-04-18 14:41:00.000 INFO  [main] com.aptiv.smb.Application - No active profile set, falling back to default profiles: default
2023-04-18 14:41:01.037 INFO  [main] org.springframework.boot.web.embedded.tomcat.TomcatWebServer - Tomcat initialized with port(s): 8080 (http)
2023-04-18 14:41:01.044 INFO  [main] org.apache.coyote.http11.Http11NioProtocol - Initializing ProtocolHandler ["http-nio-8080"]
2023-04-18 14:41:01.045 INFO  [main] org.apache.catalina.core.StandardService - Starting service [Tomcat]
2023-04-18 14:41:01.045 INFO  [main] org.apache.catalina.core.StandardEngine - Starting Servlet engine: [Apache Tomcat/9.0.38]
2023-04-18 14:41:01.137 INFO  [main] org.apache.catalina.core.ContainerBase.[Tomcat].[localhost].[/] - Initializing Spring embedded WebApplicationContext
2023-04-18 14:41:01.137 INFO  [main] org.springframework.boot.web.servlet.context.ServletWebServerApplicationContext - Root WebApplicationContext: initialization completed in 1094 ms
2023-04-18 14:41:01.425 INFO  [main] springfox.documentation.spring.web.PropertySourcedRequestMappingHandlerMapping - Mapped URL path [/v2/api-docs] onto method [springfox.documentation.swagger2.web.Swagger2Controller#getDocumentation(String, HttpServletRequest)]
2023-04-18 14:41:01.507 INFO  [main] org.springframework.scheduling.concurrent.ThreadPoolTaskExecutor - Initializing ExecutorService 'applicationTaskExecutor'
2023-04-18 14:41:01.590 INFO  [main] org.springframework.scheduling.concurrent.ThreadPoolTaskScheduler - Initializing ExecutorService 'taskScheduler'
2023-04-18 14:41:01.637 INFO  [main] org.apache.coyote.http11.Http11NioProtocol - Starting ProtocolHandler ["http-nio-8080"]
2023-04-18 14:41:01.664 INFO  [main] org.springframework.boot.web.embedded.tomcat.TomcatWebServer - Tomcat started on port(s): 8080 (http) with context path ''
2023-04-18 14:41:01.666 INFO  [main] springfox.documentation.spring.web.plugins.DocumentationPluginsBootstrapper - Context refreshed
2023-04-18 14:41:01.682 INFO  [main] springfox.documentation.spring.web.plugins.DocumentationPluginsBootstrapper - Found 1 custom documentation plugin(s)
2023-04-18 14:41:01.707 INFO  [main] springfox.documentation.spring.web.scanners.ApiListingReferenceScanner - Scanning for api listing references
2023-04-18 14:41:01.783 INFO  [main] com.aptiv.smb.Application - Started Application in 2.127 seconds (JVM running for 3.164)
2023-04-18 14:41:01.785 INFO  [main] com.aptiv.smb.Application - [32m-------------------程序启动成功-------------------[0;39m
2023-04-18 14:41:07.881 INFO  [http-nio-8080-exec-1] org.apache.catalina.core.ContainerBase.[Tomcat].[localhost].[/] - Initializing Spring DispatcherServlet 'dispatcherServlet'
2023-04-18 14:41:07.881 INFO  [http-nio-8080-exec-1] org.springframework.web.servlet.DispatcherServlet - Initializing Servlet 'dispatcherServlet'
2023-04-18 14:41:07.886 INFO  [http-nio-8080-exec-1] org.springframework.web.servlet.DispatcherServlet - Completed initialization in 5 ms
2023-04-18 14:41:07.907 INFO  [http-nio-8080-exec-1] com.aptiv.smb.config.RequestAspect - 收到请求 | URL:http://localhost:8080/smb/do | HTTP_METHOD:GET | IP:0:0:0:0:0:0:0:1 | CLASS_METHOD:com.aptiv.smb.controller.SmbController.doIt | ARGS:[org.apache.catalina.connector.ResponseFacade@3ad3d8a]
2023-04-18 14:41:08.245 INFO  [http-nio-8080-exec-1] com.hierynomus.smbj.connection.Connection - Successfully connected to: 10.132.15.18
2023-04-18 14:41:08.936 INFO  [http-nio-8080-exec-1] com.hierynomus.smbj.connection.Connection - Successfully authenticated zhou.li@aptiv.com on 10.132.15.18, session is 457399924166017
2023-04-18 14:41:08.938 INFO  [http-nio-8080-exec-1] com.hierynomus.smbj.session.Session - Connecting to \\10.132.15.18\K426 ArchivingFiles on session 457399924166017
2023-04-18 14:41:09.096 INFO  [http-nio-8080-exec-1] com.aptiv.smb.util.SmbReaderUtil - DiskShare[\\10.132.15.18\K426 ArchivingFiles]
2023-04-18 14:41:11.436 INFO  [http-nio-8080-exec-1] com.aptiv.smb.util.SmbReaderUtil - ARCHIVE_CHO_K426CSCQ_2017-04-28.zip
2023-04-18 14:41:11.648 INFO  [http-nio-8080-exec-1] com.aptiv.smb.util.SmbReaderUtil - ARCHIVE_CHO_K426CSCQ_2017-04-29.zip
2023-04-18 14:41:11.828 INFO  [http-nio-8080-exec-1] com.aptiv.smb.util.SmbReaderUtil - ARCHIVE_CHO_K426CSCQ_2017-04-30.zip
2023-04-18 14:41:12.023 INFO  [http-nio-8080-exec-1] com.aptiv.smb.util.SmbReaderUtil - ARCHIVE_CHO_K426CSCQ_2017-05-01.zip
2023-04-18 14:41:12.267 INFO  [http-nio-8080-exec-1] com.aptiv.smb.util.SmbReaderUtil - ARCHIVE_CHO_K426CSCQ_2017-05-02.zip
2023-04-18 14:41:12.455 INFO  [http-nio-8080-exec-1] com.aptiv.smb.util.SmbReaderUtil - ARCHIVE_CHO_K426CSCQ_2017-05-03.zip
2023-04-18 14:41:12.678 INFO  [http-nio-8080-exec-1] com.aptiv.smb.util.SmbReaderUtil - ARCHIVE_CHO_K426CSCQ_2017-05-04.zip
2023-04-18 14:41:12.922 INFO  [http-nio-8080-exec-1] com.aptiv.smb.util.SmbReaderUtil - ARCHIVE_CHO_K426CSCQ_2017-05-05.zip
2023-04-18 14:41:13.129 INFO  [http-nio-8080-exec-1] com.aptiv.smb.util.SmbReaderUtil - ARCHIVE_CHO_K426CSCQ_2017-05-06.zip
2023-04-18 14:41:13.331 INFO  [http-nio-8080-exec-1] com.aptiv.smb.util.SmbReaderUtil - ARCHIVE_CHO_K426CSCQ_2017-05-07.zip
2023-04-18 14:41:13.581 INFO  [http-nio-8080-exec-1] com.aptiv.smb.service.SmbService - 压缩包数量共计:10个
2023-04-18 14:41:13.586 INFO  [http-nio-8080-exec-1] com.aptiv.smb.util.UnZipUtil - ARCH_633908470.xml
2023-04-18 14:41:13.591 INFO  [http-nio-8080-exec-1] com.aptiv.smb.service.SmbService - xml数量共计:1个
2023-04-18 14:42:07.172 INFO  [main] com.aptiv.smb.Application - Starting Application on DL9X08TT3 with PID 9736 (C:\MyProject\smbFileReadAndAnalysis\target\classes started by z7h3qv in C:\MyProject\smbFileReadAndAnalysis)
2023-04-18 14:42:07.175 INFO  [main] com.aptiv.smb.Application - No active profile set, falling back to default profiles: default
2023-04-18 14:42:08.188 INFO  [main] org.springframework.boot.web.embedded.tomcat.TomcatWebServer - Tomcat initialized with port(s): 8080 (http)
2023-04-18 14:42:08.195 INFO  [main] org.apache.coyote.http11.Http11NioProtocol - Initializing ProtocolHandler ["http-nio-8080"]
2023-04-18 14:42:08.196 INFO  [main] org.apache.catalina.core.StandardService - Starting service [Tomcat]
2023-04-18 14:42:08.196 INFO  [main] org.apache.catalina.core.StandardEngine - Starting Servlet engine: [Apache Tomcat/9.0.38]
2023-04-18 14:42:08.277 INFO  [main] org.apache.catalina.core.ContainerBase.[Tomcat].[localhost].[/] - Initializing Spring embedded WebApplicationContext
2023-04-18 14:42:08.277 INFO  [main] org.springframework.boot.web.servlet.context.ServletWebServerApplicationContext - Root WebApplicationContext: initialization completed in 1064 ms
2023-04-18 14:42:08.582 INFO  [main] springfox.documentation.spring.web.PropertySourcedRequestMappingHandlerMapping - Mapped URL path [/v2/api-docs] onto method [springfox.documentation.swagger2.web.Swagger2Controller#getDocumentation(String, HttpServletRequest)]
2023-04-18 14:42:08.649 INFO  [main] org.springframework.scheduling.concurrent.ThreadPoolTaskExecutor - Initializing ExecutorService 'applicationTaskExecutor'
2023-04-18 14:42:08.736 INFO  [main] org.springframework.scheduling.concurrent.ThreadPoolTaskScheduler - Initializing ExecutorService 'taskScheduler'
2023-04-18 14:42:08.749 INFO  [main] org.apache.coyote.http11.Http11NioProtocol - Starting ProtocolHandler ["http-nio-8080"]
2023-04-18 14:42:08.810 INFO  [main] org.springframework.boot.web.embedded.tomcat.TomcatWebServer - Tomcat started on port(s): 8080 (http) with context path ''
2023-04-18 14:42:08.811 INFO  [main] springfox.documentation.spring.web.plugins.DocumentationPluginsBootstrapper - Context refreshed
2023-04-18 14:42:08.824 INFO  [main] springfox.documentation.spring.web.plugins.DocumentationPluginsBootstrapper - Found 1 custom documentation plugin(s)
2023-04-18 14:42:08.846 INFO  [main] springfox.documentation.spring.web.scanners.ApiListingReferenceScanner - Scanning for api listing references
2023-04-18 14:42:08.902 INFO  [main] com.aptiv.smb.Application - Started Application in 2.103 seconds (JVM running for 2.943)
2023-04-18 14:42:08.903 INFO  [main] com.aptiv.smb.Application - [32m-------------------程序启动成功-------------------[0;39m
2023-04-18 14:42:11.027 INFO  [http-nio-8080-exec-1] org.apache.catalina.core.ContainerBase.[Tomcat].[localhost].[/] - Initializing Spring DispatcherServlet 'dispatcherServlet'
2023-04-18 14:42:11.027 INFO  [http-nio-8080-exec-1] org.springframework.web.servlet.DispatcherServlet - Initializing Servlet 'dispatcherServlet'
2023-04-18 14:42:11.033 INFO  [http-nio-8080-exec-1] org.springframework.web.servlet.DispatcherServlet - Completed initialization in 6 ms
2023-04-18 14:42:11.055 INFO  [http-nio-8080-exec-1] com.aptiv.smb.config.RequestAspect - 收到请求 | URL:http://localhost:8080/smb/do | HTTP_METHOD:GET | IP:0:0:0:0:0:0:0:1 | CLASS_METHOD:com.aptiv.smb.controller.SmbController.doIt | ARGS:[org.apache.catalina.connector.ResponseFacade@5ab1016d]
2023-04-18 14:42:11.215 INFO  [http-nio-8080-exec-1] com.hierynomus.smbj.connection.Connection - Successfully connected to: 10.132.15.18
2023-04-18 14:42:11.655 INFO  [http-nio-8080-exec-1] com.hierynomus.smbj.connection.Connection - Successfully authenticated zhou.li@aptiv.com on 10.132.15.18, session is 457399991274369
2023-04-18 14:42:11.656 INFO  [http-nio-8080-exec-1] com.hierynomus.smbj.session.Session - Connecting to \\10.132.15.18\K426 ArchivingFiles on session 457399991274369
2023-04-18 14:42:11.725 INFO  [http-nio-8080-exec-1] com.aptiv.smb.util.SmbReaderUtil - DiskShare[\\10.132.15.18\K426 ArchivingFiles]
2023-04-18 14:42:12.766 INFO  [http-nio-8080-exec-1] com.aptiv.smb.util.SmbReaderUtil - ARCHIVE_CHO_K426CSCQ_2017-04-28.zip
2023-04-18 14:42:12.961 INFO  [http-nio-8080-exec-1] com.aptiv.smb.util.SmbReaderUtil - ARCHIVE_CHO_K426CSCQ_2017-04-29.zip
2023-04-18 14:42:13.145 INFO  [http-nio-8080-exec-1] com.aptiv.smb.util.SmbReaderUtil - ARCHIVE_CHO_K426CSCQ_2017-04-30.zip
2023-04-18 14:42:13.337 INFO  [http-nio-8080-exec-1] com.aptiv.smb.util.SmbReaderUtil - ARCHIVE_CHO_K426CSCQ_2017-05-01.zip
2023-04-18 14:42:13.518 INFO  [http-nio-8080-exec-1] com.aptiv.smb.util.SmbReaderUtil - ARCHIVE_CHO_K426CSCQ_2017-05-02.zip
2023-04-18 14:42:13.720 INFO  [http-nio-8080-exec-1] com.aptiv.smb.util.SmbReaderUtil - ARCHIVE_CHO_K426CSCQ_2017-05-03.zip
2023-04-18 14:42:13.902 INFO  [http-nio-8080-exec-1] com.aptiv.smb.util.SmbReaderUtil - ARCHIVE_CHO_K426CSCQ_2017-05-04.zip
2023-04-18 14:42:14.153 INFO  [http-nio-8080-exec-1] com.aptiv.smb.util.SmbReaderUtil - ARCHIVE_CHO_K426CSCQ_2017-05-05.zip
2023-04-18 14:42:14.328 INFO  [http-nio-8080-exec-1] com.aptiv.smb.util.SmbReaderUtil - ARCHIVE_CHO_K426CSCQ_2017-05-06.zip
2023-04-18 14:42:14.538 INFO  [http-nio-8080-exec-1] com.aptiv.smb.util.SmbReaderUtil - ARCHIVE_CHO_K426CSCQ_2017-05-07.zip
2023-04-18 14:42:14.717 INFO  [http-nio-8080-exec-1] com.aptiv.smb.service.SmbService - 压缩包数量共计:10个
2023-04-18 14:42:14.722 INFO  [http-nio-8080-exec-1] com.aptiv.smb.util.UnZipUtil - ARCH_633908470.xml
2023-04-18 14:42:14.726 INFO  [http-nio-8080-exec-1] com.aptiv.smb.service.SmbService - xml数量共计:1个
2023-04-18 14:42:14.727 INFO  [http-nio-8080-exec-1] com.aptiv.smb.util.DomParsingUtil - <?xml version="1.0" ?><Archive><ArchiveInfo task="IMP_DELJ_ARCHIVE" user="UserId" MODEL="K426" PLANT="CSCQ" TIMESTAMP="2017-03-29:16:03:42.207706" MODELDESCR="Volvo K426" PLANTDESCR="Chongqing Plant"/><ORDER PRI="0" XNO1="7" XNO2="0" XNO3="0" XNO4="0" XNO5="0" ORDNR="633908470" XREF1="" XREF2="" XREF3="" XREF4="" XREF5="" CUSTNO="DAQ03" ISPROTO="0" ORDSTAT="10" CALLOFTI="2016-03-29:08:15:00.000000" CUSPLANT="610" PRODLINE="00" REVISION="N/A" SEQNREXT="28068" SEQNRINT="0" SERIALNO="" SHICALNR="" REVISIONDATE="2017-03-21:19:07:10.000000" TRANSMISSIONID="170321190710"/><SubProds><ORDERSUB XNO1="0" XNO2="0" XNO3="0" XNO4="0" XNO5="146" XREF1="" XREF2="" XREF3="" XREF4="" XREF5="" CUSSPNR="9401943" ORDSTAT="10" PRINTNO="0" SUBPROD="E" ASMBLDNR="" CALLOFTI="2017-03-27:08:15:00.000000" FILENAME="2017131" REVISION="171221907100905" SENDTIME="2017-03-29:11:27:52.000000" VERNRDNR="0" VERNRKKB="0" VERNRKSK="0" DRAWINGDATE="2017-03-29:11:27:52.000000" EXTREPRODNO="0" INTREPRODNO="0" REVISIONDATE="2017-03-21:19:07:00.000000" DRAWINGVERSION="20171221850"/><ORDERSUB XNO1="0" XNO2="0" XNO3="0" XNO4="0" XNO5="147" XREF1="" XREF2="" XREF3="" XREF4="" XREF5="" CUSSPNR="9401944" ORDSTAT="10" PRINTNO="0" SUBPROD="F" ASMBLDNR="" CALLOFTI="2017-03-27:08:15:00.000000" FILENAME="2017131" REVISION="171221907100906" SENDTIME="2017-03-29:11:27:52.000000" VERNRDNR="0" VERNRKKB="0" VERNRKSK="0" DRAWINGDATE="2017-03-29:11:27:52.000000" EXTREPRODNO="0" INTREPRODNO="0" REVISIONDATE="2017-03-21:19:07:00.000000" DRAWINGVERSION="20171221850"/></SubProds><BillOfMaterial><BOM QTY="1" REFNR="" CUSPNR="31415452" SUBPROD="E" ALTCUSPNO=""/><BOM QTY="1" REFNR="" CUSPNR="31415454" SUBPROD="E" ALTCUSPNO=""/><BOM QTY="1" REFNR="" CUSPNR="31415455" SUBPROD="E" ALTCUSPNO=""/><BOM QTY="1" REFNR="" CUSPNR="31415456" SUBPROD="E" ALTCUSPNO=""/><BOM QTY="1" REFNR="" CUSPNR="31415457" SUBPROD="E" ALTCUSPNO=""/><BOM QTY="1" REFNR="" CUSPNR="31415458" SUBPROD="E" ALTCUSPNO=""/><BOM QTY="1" REFNR="" CUSPNR="31415459" SUBPROD="E" ALTCUSPNO=""/><BOM QTY="1" REFNR="" CUSPNR="31415460" SUBPROD="E" ALTCUSPNO=""/><BOM QTY="1" REFNR="" CUSPNR="31415461" SUBPROD="E" ALTCUSPNO=""/><BOM QTY="1" REFNR="" CUSPNR="31415464" SUBPROD="E" ALTCUSPNO=""/><BOM QTY="1" REFNR="" CUSPNR="31415465" SUBPROD="E" ALTCUSPNO=""/><BOM QTY="1" REFNR="" CUSPNR="31415466" SUBPROD="E" ALTCUSPNO=""/><BOM QTY="1" REFNR="" CUSPNR="31415467" SUBPROD="E" ALTCUSPNO=""/><BOM QTY="1" REFNR="" CUSPNR="31415468" SUBPROD="E" ALTCUSPNO=""/><BOM QTY="1" REFNR="" CUSPNR="31415511" SUBPROD="E" ALTCUSPNO=""/><BOM QTY="1" REFNR="" CUSPNR="31415579" SUBPROD="E" ALTCUSPNO=""/><BOM QTY="1" REFNR="" CUSPNR="31415580" SUBPROD="E" ALTCUSPNO=""/><BOM QTY="1" REFNR="" CUSPNR="31415581" SUBPROD="E" ALTCUSPNO=""/><BOM QTY="1" REFNR="" CUSPNR="31415583" SUBPROD="E" ALTCUSPNO=""/><BOM QTY="1" REFNR="" CUSPNR="31415584" SUBPROD="E" ALTCUSPNO=""/><BOM QTY="1" REFNR="" CUSPNR="31415589" SUBPROD="E" ALTCUSPNO=""/><BOM QTY="1" REFNR="" CUSPNR="31415593" SUBPROD="E" ALTCUSPNO=""/><BOM QTY="1" REFNR="" CUSPNR="31415594" SUBPROD="E" ALTCUSPNO=""/><BOM QTY="1" REFNR="" CUSPNR="31415651" SUBPROD="E" ALTCUSPNO=""/><BOM QTY="1" REFNR="" CUSPNR="31485018" SUBPROD="E" ALTCUSPNO=""/><BOM QTY="1" REFNR="" CUSPNR="31485576" SUBPROD="E" ALTCUSPNO=""/><BOM QTY="1" REFNR="" CUSPNR="31415469" SUBPROD="F" ALTCUSPNO=""/><BOM QTY="1" REFNR="" CUSPNR="31415470" SUBPROD="F" ALTCUSPNO=""/><BOM QTY="1" REFNR="" CUSPNR="31415473" SUBPROD="F" ALTCUSPNO=""/><BOM QTY="1" REFNR="" CUSPNR="31415475" SUBPROD="F" ALTCUSPNO=""/><BOM QTY="1" REFNR="" CUSPNR="31415476" SUBPROD="F" ALTCUSPNO=""/><BOM QTY="1" REFNR="" CUSPNR="31415477" SUBPROD="F" ALTCUSPNO=""/><BOM QTY="1" REFNR="" CUSPNR="31415478" SUBPROD="F" ALTCUSPNO=""/><BOM QTY="1" REFNR="" CUSPNR="31415479" SUBPROD="F" ALTCUSPNO=""/><BOM QTY="1" REFNR="" CUSPNR="31415480" SUBPROD="F" ALTCUSPNO=""/><BOM QTY="1" REFNR="" CUSPNR="31415481" SUBPROD="F" ALTCUSPNO=""/><BOM QTY="1" REFNR="" CUSPNR="31415482" SUBPROD="F" ALTCUSPNO=""/><BOM QTY="1" REFNR="" CUSPNR="31415484" SUBPROD="F" ALTCUSPNO=""/><BOM QTY="1" REFNR="" CUSPNR="31415486" SUBPROD="F" ALTCUSPNO=""/><BOM QTY="1" REFNR="" CUSPNR="31415487" SUBPROD="F" ALTCUSPNO=""/><BOM QTY="1" REFNR="" CUSPNR="31415488" SUBPROD="F" ALTCUSPNO=""/><BOM QTY="1" REFNR="" CUSPNR="31415489" SUBPROD="F" ALTCUSPNO=""/><BOM QTY="1" REFNR="" CUSPNR="31415490" SUBPROD="F" ALTCUSPNO=""/><BOM QTY="1" REFNR="" CUSPNR="31415492" SUBPROD="F" ALTCUSPNO=""/><BOM QTY="1" REFNR="" CUSPNR="31415495" SUBPROD="F" ALTCUSPNO=""/><BOM QTY="1" REFNR="" CUSPNR="31415496" SUBPROD="F" ALTCUSPNO=""/><BOM QTY="1" REFNR="" CUSPNR="31415497" SUBPROD="F" ALTCUSPNO=""/><BOM QTY="1" REFNR="" CUSPNR="31415498" SUBPROD="F" ALTCUSPNO=""/><BOM QTY="1" REFNR="" CUSPNR="31415499" SUBPROD="F" ALTCUSPNO=""/><BOM QTY="1" REFNR="" CUSPNR="31415501" SUBPROD="F" ALTCUSPNO=""/><BOM QTY="1" REFNR="" CUSPNR="31415502" SUBPROD="F" ALTCUSPNO=""/><BOM QTY="1" REFNR="" CUSPNR="31415504" SUBPROD="F" ALTCUSPNO=""/><BOM QTY="1" REFNR="" CUSPNR="31415505" SUBPROD="F" ALTCUSPNO=""/><BOM QTY="1" REFNR="" CUSPNR="31415506" SUBPROD="F" ALTCUSPNO=""/><BOM QTY="1" REFNR="" CUSPNR="31415507" SUBPROD="F" ALTCUSPNO=""/><BOM QTY="1" REFNR="" CUSPNR="31415508" SUBPROD="F" ALTCUSPNO=""/><BOM QTY="1" REFNR="" CUSPNR="31415509" SUBPROD="F" ALTCUSPNO=""/><BOM QTY="1" REFNR="" CUSPNR="31415510" SUBPROD="F" ALTCUSPNO=""/><BOM QTY="1" REFNR="" CUSPNR="31415597" SUBPROD="F" ALTCUSPNO=""/><BOM QTY="1" REFNR="" CUSPNR="31415598" SUBPROD="F" ALTCUSPNO=""/><BOM QTY="1" REFNR="" CUSPNR="31415605" SUBPROD="F" ALTCUSPNO=""/><BOM QTY="1" REFNR="" CUSPNR="31415610" SUBPROD="F" ALTCUSPNO=""/><BOM QTY="1" REFNR="" CUSPNR="31415611" SUBPROD="F" ALTCUSPNO=""/><BOM QTY="1" REFNR="" CUSPNR="31415612" SUBPROD="F" ALTCUSPNO=""/><BOM QTY="1" REFNR="" CUSPNR="31415613" SUBPROD="F" ALTCUSPNO=""/><BOM QTY="1" REFNR="" CUSPNR="31415614" SUBPROD="F" ALTCUSPNO=""/><BOM QTY="1" REFNR="" CUSPNR="31415615" SUBPROD="F" ALTCUSPNO=""/><BOM QTY="1" REFNR="" CUSPNR="31415617" SUBPROD="F" ALTCUSPNO=""/><BOM QTY="1" REFNR="" CUSPNR="31415618" SUBPROD="F" ALTCUSPNO=""/><BOM QTY="1" REFNR="" CUSPNR="31415623" SUBPROD="F" ALTCUSPNO=""/><BOM QTY="1" REFNR="" CUSPNR="31415626" SUBPROD="F" ALTCUSPNO=""/><BOM QTY="1" REFNR="" CUSPNR="31415628" SUBPROD="F" ALTCUSPNO=""/><BOM QTY="1" REFNR="" CUSPNR="31415629" SUBPROD="F" ALTCUSPNO=""/><BOM QTY="1" REFNR="" CUSPNR="31415633" SUBPROD="F" ALTCUSPNO=""/><BOM QTY="1" REFNR="" CUSPNR="31415638" SUBPROD="F" ALTCUSPNO=""/><BOM QTY="1" REFNR="" CUSPNR="31415639" SUBPROD="F" ALTCUSPNO=""/><BOM QTY="1" REFNR="" CUSPNR="31415653" SUBPROD="F" ALTCUSPNO=""/><BOM QTY="1" REFNR="" CUSPNR="31415655" SUBPROD="F" ALTCUSPNO=""/><BOM QTY="1" REFNR="" CUSPNR="31415661" SUBPROD="F" ALTCUSPNO=""/><BOM QTY="1" REFNR="" CUSPNR="31415665" SUBPROD="F" ALTCUSPNO=""/><BOM QTY="1" REFNR="" CUSPNR="31415666" SUBPROD="F" ALTCUSPNO=""/><BOM QTY="1" REFNR="" CUSPNR="31415670" SUBPROD="F" ALTCUSPNO=""/><BOM QTY="1" REFNR="" CUSPNR="31415936" SUBPROD="F" ALTCUSPNO=""/><BOM QTY="1" REFNR="" CUSPNR="31415937" SUBPROD="F" ALTCUSPNO=""/><BOM QTY="1" REFNR="" CUSPNR="31485017" SUBPROD="F" ALTCUSPNO=""/><BOM QTY="1" REFNR="" CUSPNR="31485074" SUBPROD="F" ALTCUSPNO=""/><BOM QTY="1" REFNR="" CUSPNR="31485732" SUBPROD="F" ALTCUSPNO=""/></BillOfMaterial><Events><Event INFO="FTP:2017-03-29-11.24.06.406001" TASK="IMP_LINEUP" EVENT="ORD" USERID="" ISCOMPL="0" SUBPROD="" ORDEVTTI="2017-03-29:11:27:52.764108"/><Event INFO="FTP:2017-03-29-11.24.06.406001" TASK="IMP_LINEUP_AFTER" EVENT="ST" USERID="" ISCOMPL="0" SUBPROD="" ORDEVTTI="2017-03-29:12:29:50.279097"/><Event INFO="FTP:2017-03-29-11.24.06.406001" TASK="IMP_LINEUP_AFTER" EVENT="OK" USERID="" ISCOMPL="0" SUBPROD="" ORDEVTTI="2017-03-29:12:29:50.292143"/><Event INFO="FTP:2017-03-29-11.24.06.406001" TASK="IMP_CHK_UNK_PF" EVENT="ST" USERID="" ISCOMPL="0" SUBPROD="" ORDEVTTI="2017-03-29:12:29:50.295069"/><Event INFO="FTP:2017-03-29-11.24.06.406001" TASK="IMP_CHK_UNK_PF" EVENT="CONT" USERID="" ISCOMPL="0" SUBPROD="" ORDEVTTI="2017-03-29:12:29:50.338812"/><Event INFO="FTP:2017-03-29-11.24.06.406001" TASK="IMP_VCC_TRANS" EVENT="ST" USERID="" ISCOMPL="0" SUBPROD="" ORDEVTTI="2017-03-29:12:29:50.340149"/><Event INFO="FTP:2017-03-29-11.24.06.406001" TASK="IMP_VCC_TRANS" EVENT="DONE" USERID="" ISCOMPL="0" SUBPROD="" ORDEVTTI="2017-03-29:12:29:56.170608"/><Event INFO="FTP:2017-03-29-11.24.06.406001" TASK="IMP_FND_ORD" EVENT="ST" USERID="" ISCOMPL="0" SUBPROD="" ORDEVTTI="2017-03-29:12:29:56.189237"/><Event INFO="FTP:2017-03-29-11.24.06.406001" TASK="IMP_FND_ORD" EVENT="NOT" USERID="" ISCOMPL="0" SUBPROD="" ORDEVTTI="2017-03-29:12:29:56.206909"/><Event INFO="FTP:2017-03-29-11.24.06.406001" TASK="IMP_ORD_PROCESS" EVENT="ST" USERID="" ISCOMPL="0" SUBPROD="" ORDEVTTI="2017-03-29:12:29:56.210821"/><Event INFO="FTP:2017-03-29-11.24.06.406001" TASK="IMP_ORD_PROCESS" EVENT="OK" USERID="" ISCOMPL="0" SUBPROD="" ORDEVTTI="2017-03-29:12:29:56.389002"/><Event INFO="FTP:2017-03-29-11.24.06.406001" TASK="IMP_ORD_CALC_CRC" EVENT="ST" USERID="" ISCOMPL="0" SUBPROD="" ORDEVTTI="2017-03-29:12:29:56.391452"/><Event INFO="FTP:2017-03-29-11.24.06.406001" TASK="IMP_ORD_CALC_CRC" EVENT="OK" USERID="" ISCOMPL="0" SUBPROD="" ORDEVTTI="2017-03-29:12:29:56.414100"/><Event INFO="FTP:2017-03-29-11.24.06.406001" TASK="IMP_ORD_STAT_10" EVENT="ST" USERID="" ISCOMPL="0" SUBPROD="" ORDEVTTI="2017-03-29:12:29:56.417856"/><Event INFO="10" TASK="IMP_ORD_STAT_10" EVENT="PFST" USERID="" ISCOMPL="0" SUBPROD="" ORDEVTTI="2017-03-29:12:29:56.428346"/><Event INFO="10" TASK="IMP_ORD_STAT_10" EVENT="OST" USERID="" ISCOMPL="0" SUBPROD="" ORDEVTTI="2017-03-29:12:29:56.431631"/><Event INFO="FTP:2017-03-29-11.24.06.406001" TASK="IMP_ORD_STAT_10" EVENT="OK" USERID="" ISCOMPL="0" SUBPROD="" ORDEVTTI="2017-03-29:12:29:56.432045"/><Event INFO="FTP:2017-03-29-11.24.06.406001" TASK="IMP_ORD_SPLT" EVENT="ST" USERID="" ISCOMPL="0" SUBPROD="" ORDEVTTI="2017-03-29:12:29:56.435778"/><Event INFO="FTP:2017-03-29-11.24.06.406001" TASK="IMP_ORD_SPLT" EVENT="E" USERID="" ISCOMPL="0" SUBPROD="E" ORDEVTTI="2017-03-29:12:29:56.444481"/><Event INFO="FTP:2017-03-29-11.24.06.406001" TASK="IMP_ORD_PLANPROD" EVENT="ST" USERID="" ISCOMPL="0" SUBPROD="E" ORDEVTTI="2017-03-29:12:29:56.447598"/><Event INFO="FTP:2017-03-29-11.24.06.406001" TASK="IMP_ORD_PLANPROD" EVENT="OK" USERID="" ISCOMPL="0" SUBPROD="E" ORDEVTTI="2017-03-29:12:29:56.454553"/><Event INFO="FTP:2017-03-29-11.24.06.406001" TASK="IMP_ORD_BOMID" EVENT="ST" USERID="" ISCOMPL="0" SUBPROD="E" ORDEVTTI="2017-03-29:12:29:56.456879"/><Event INFO="FTP:2017-03-29-11.24.06.406001" TASK="IMP_ORD_BOMID" EVENT="OK" USERID="" ISCOMPL="0" SUBPROD="E" ORDEVTTI="2017-03-29:12:29:56.539627"/><Event INFO="FTP:2017-03-29-11.24.06.406001" TASK="IMP_ORD_SPLT" EVENT="F" USERID="" ISCOMPL="0" SUBPROD="F" ORDEVTTI="2017-03-29:12:29:56.553177"/><Event INFO="FTP:2017-03-29-11.24.06.406001" TASK="IMP_ORD_PLANPROD" EVENT="ST" USERID="" ISCOMPL="0" SUBPROD="F" ORDEVTTI="2017-03-29:12:29:56.553819"/><Event INFO="FTP:2017-03-29-11.24.06.406001" TASK="IMP_ORD_PLANPROD" EVENT="OK" USERID="" ISCOMPL="0" SUBPROD="F" ORDEVTTI="2017-03-29:12:29:56.555229"/><Event INFO="FTP:2017-03-29-11.24.06.406001" TASK="IMP_ORD_BOMID" EVENT="ST" USERID="" ISCOMPL="0" SUBPROD="F" ORDEVTTI="2017-03-29:12:29:56.555902"/><Event INFO="FTP:2017-03-29-11.24.06.406001" TASK="IMP_ORD_BOMID" EVENT="OK" USERID="" ISCOMPL="0" SUBPROD="F" ORDEVTTI="2017-03-29:12:29:56.619773"/><Event INFO="FTP:2017-03-29-11.24.06.406001" TASK="IMP_ORD_SPLT" EVENT="OK" USERID="" ISCOMPL="0" SUBPROD="" ORDEVTTI="2017-03-29:12:29:56.631390"/><Event INFO="FTP:2017-03-29-11.24.06.406001" TASK="IMP_FND_ORD" EVENT="OK" USERID="" ISCOMPL="0" SUBPROD="" ORDEVTTI="2017-03-29:12:29:56.632020"/><Event INFO="FTP:2017-03-29-11.24.06.406001" TASK="IMP_VCC_TRANS" EVENT="OK" USERID="" ISCOMPL="0" SUBPROD="" ORDEVTTI="2017-03-29:12:29:56.632598"/><Event INFO="FTP:2017-03-29-11.24.06.406001" TASK="IMP_CHK_UNK_PF" EVENT="OK" USERID="" ISCOMPL="0" SUBPROD="" ORDEVTTI="2017-03-29:12:29:56.643365"/><Event INFO="PROCESSED ORDER CHANGED MANUALLY" TASK="" EVENT="CHG" USERID="zzksms" ISCOMPL="1" SUBPROD="" ORDEVTTI="2017-03-29:16:01:29.304265"/><Event INFO="Taskapi auto event" TASK="CLN_STAT_10" EVENT="ORD" USERID="AUTO" ISCOMPL="0" SUBPROD="" ORDEVTTI="2017-03-29:16:03:42.121228"/><Event INFO="Taskapi auto event" TASK="CLN-TRIGGER-ARCH" EVENT="ST" USERID="AUTO" ISCOMPL="0" SUBPROD="" ORDEVTTI="2017-03-29:16:03:42.123656"/><Event INFO="Taskapi auto event" TASK="CLN-TRIGGER-ARCH" EVENT="OK" USERID="AUTO" ISCOMPL="0" SUBPROD="" ORDEVTTI="2017-03-29:16:03:42.124168"/><Event INFO="Taskapi auto event" TASK="IMP_DELJ_ARCHIVE" EVENT="ST" USERID="AUTO" ISCOMPL="0" SUBPROD="" ORDEVTTI="2017-03-29:16:03:42.190308"/></Events><BatchEntries/><ProductionScheduling/><PackDispatchInfo/><Bookings/><Operations/><Routings/><OrderEnd/></Archive>


2023-04-18 14:43:40.880 INFO  [main] com.aptiv.smb.Application - Starting Application on DL9X08TT3 with PID 24124 (C:\MyProject\smbFileReadAndAnalysis\target\classes started by z7h3qv in C:\MyProject\smbFileReadAndAnalysis)
2023-04-18 14:43:40.883 INFO  [main] com.aptiv.smb.Application - No active profile set, falling back to default profiles: default
2023-04-18 14:43:41.725 INFO  [main] org.springframework.boot.web.embedded.tomcat.TomcatWebServer - Tomcat initialized with port(s): 8080 (http)
2023-04-18 14:43:41.731 INFO  [main] org.apache.coyote.http11.Http11NioProtocol - Initializing ProtocolHandler ["http-nio-8080"]
2023-04-18 14:43:41.731 INFO  [main] org.apache.catalina.core.StandardService - Starting service [Tomcat]
2023-04-18 14:43:41.731 INFO  [main] org.apache.catalina.core.StandardEngine - Starting Servlet engine: [Apache Tomcat/9.0.38]
2023-04-18 14:43:41.804 INFO  [main] org.apache.catalina.core.ContainerBase.[Tomcat].[localhost].[/] - Initializing Spring embedded WebApplicationContext
2023-04-18 14:43:41.804 INFO  [main] org.springframework.boot.web.servlet.context.ServletWebServerApplicationContext - Root WebApplicationContext: initialization completed in 887 ms
2023-04-18 14:43:42.068 INFO  [main] springfox.documentation.spring.web.PropertySourcedRequestMappingHandlerMapping - Mapped URL path [/v2/api-docs] onto method [springfox.documentation.swagger2.web.Swagger2Controller#getDocumentation(String, HttpServletRequest)]
2023-04-18 14:43:42.154 INFO  [main] org.springframework.scheduling.concurrent.ThreadPoolTaskExecutor - Initializing ExecutorService 'applicationTaskExecutor'
2023-04-18 14:43:42.244 INFO  [main] org.springframework.scheduling.concurrent.ThreadPoolTaskScheduler - Initializing ExecutorService 'taskScheduler'
2023-04-18 14:43:42.259 INFO  [main] org.apache.coyote.http11.Http11NioProtocol - Starting ProtocolHandler ["http-nio-8080"]
2023-04-18 14:43:42.315 INFO  [main] org.springframework.boot.web.embedded.tomcat.TomcatWebServer - Tomcat started on port(s): 8080 (http) with context path ''
2023-04-18 14:43:42.316 INFO  [main] springfox.documentation.spring.web.plugins.DocumentationPluginsBootstrapper - Context refreshed
2023-04-18 14:43:42.327 INFO  [main] springfox.documentation.spring.web.plugins.DocumentationPluginsBootstrapper - Found 1 custom documentation plugin(s)
2023-04-18 14:43:42.361 INFO  [main] springfox.documentation.spring.web.scanners.ApiListingReferenceScanner - Scanning for api listing references
2023-04-18 14:43:42.421 INFO  [main] com.aptiv.smb.Application - Started Application in 1.832 seconds (JVM running for 2.776)
2023-04-18 14:43:42.422 INFO  [main] com.aptiv.smb.Application - [32m-------------------程序启动成功-------------------[0;39m
2023-04-18 14:43:49.001 INFO  [http-nio-8080-exec-1] org.apache.catalina.core.ContainerBase.[Tomcat].[localhost].[/] - Initializing Spring DispatcherServlet 'dispatcherServlet'
2023-04-18 14:43:49.001 INFO  [http-nio-8080-exec-1] org.springframework.web.servlet.DispatcherServlet - Initializing Servlet 'dispatcherServlet'
2023-04-18 14:43:49.006 INFO  [http-nio-8080-exec-1] org.springframework.web.servlet.DispatcherServlet - Completed initialization in 5 ms
2023-04-18 14:43:49.023 INFO  [http-nio-8080-exec-1] com.aptiv.smb.config.RequestAspect - 收到请求 | URL:http://localhost:8080/smb/do | HTTP_METHOD:GET | IP:0:0:0:0:0:0:0:1 | CLASS_METHOD:com.aptiv.smb.controller.SmbController.doIt | ARGS:[org.apache.catalina.connector.ResponseFacade@3de39f52]
2023-04-18 14:43:49.223 INFO  [http-nio-8080-exec-1] com.hierynomus.smbj.connection.Connection - Successfully connected to: 10.132.15.18
2023-04-18 14:43:49.719 INFO  [http-nio-8080-exec-1] com.hierynomus.smbj.connection.Connection - Successfully authenticated zhou.li@aptiv.com on 10.132.15.18, session is 457399991273217
2023-04-18 14:43:49.723 INFO  [http-nio-8080-exec-1] com.hierynomus.smbj.session.Session - Connecting to \\10.132.15.18\K426 ArchivingFiles on session 457399991273217
2023-04-18 14:43:49.788 INFO  [http-nio-8080-exec-1] com.aptiv.smb.util.SmbReaderUtil - DiskShare[\\10.132.15.18\K426 ArchivingFiles]
2023-04-18 14:43:51.038 INFO  [http-nio-8080-exec-1] com.aptiv.smb.util.SmbReaderUtil - ARCHIVE_CHO_K426CSCQ_2017-04-28.zip
2023-04-18 14:43:51.395 INFO  [http-nio-8080-exec-1] com.aptiv.smb.util.SmbReaderUtil - ARCHIVE_CHO_K426CSCQ_2017-04-29.zip
2023-04-18 14:43:51.602 INFO  [http-nio-8080-exec-1] com.aptiv.smb.util.SmbReaderUtil - ARCHIVE_CHO_K426CSCQ_2017-04-30.zip
2023-04-18 14:43:51.878 INFO  [http-nio-8080-exec-1] com.aptiv.smb.util.SmbReaderUtil - ARCHIVE_CHO_K426CSCQ_2017-05-01.zip
2023-04-18 14:43:52.108 INFO  [http-nio-8080-exec-1] com.aptiv.smb.util.SmbReaderUtil - ARCHIVE_CHO_K426CSCQ_2017-05-02.zip
2023-04-18 14:43:52.316 INFO  [http-nio-8080-exec-1] com.aptiv.smb.util.SmbReaderUtil - ARCHIVE_CHO_K426CSCQ_2017-05-03.zip
2023-04-18 14:43:52.534 INFO  [http-nio-8080-exec-1] com.aptiv.smb.util.SmbReaderUtil - ARCHIVE_CHO_K426CSCQ_2017-05-04.zip
2023-04-18 14:43:52.809 INFO  [http-nio-8080-exec-1] com.aptiv.smb.util.SmbReaderUtil - ARCHIVE_CHO_K426CSCQ_2017-05-05.zip
2023-04-18 14:43:53.024 INFO  [http-nio-8080-exec-1] com.aptiv.smb.util.SmbReaderUtil - ARCHIVE_CHO_K426CSCQ_2017-05-06.zip
2023-04-18 14:43:53.263 INFO  [http-nio-8080-exec-1] com.aptiv.smb.util.SmbReaderUtil - ARCHIVE_CHO_K426CSCQ_2017-05-07.zip
2023-04-18 14:43:53.441 INFO  [http-nio-8080-exec-1] com.aptiv.smb.util.SmbReaderUtil - ARCHIVE_CHO_K426CSCQ_2017-05-08.zip
2023-04-18 14:43:53.627 INFO  [http-nio-8080-exec-1] com.aptiv.smb.util.SmbReaderUtil - ARCHIVE_CHO_K426CSCQ_2017-05-09.zip
2023-04-18 14:43:53.800 INFO  [http-nio-8080-exec-1] com.aptiv.smb.util.SmbReaderUtil - ARCHIVE_CHO_K426CSCQ_2017-05-10.zip
2023-04-18 14:43:53.991 INFO  [http-nio-8080-exec-1] com.aptiv.smb.util.SmbReaderUtil - ARCHIVE_CHO_K426CSCQ_2017-05-11.zip
2023-04-18 14:43:54.249 INFO  [http-nio-8080-exec-1] com.aptiv.smb.util.SmbReaderUtil - ARCHIVE_CHO_K426CSCQ_2017-05-12.zip
2023-04-18 14:43:54.531 INFO  [http-nio-8080-exec-1] com.aptiv.smb.util.SmbReaderUtil - ARCHIVE_CHO_K426CSCQ_2017-05-13.zip
2023-04-18 14:43:54.697 INFO  [http-nio-8080-exec-1] com.aptiv.smb.util.SmbReaderUtil - ARCHIVE_CHO_K426CSCQ_2017-05-14.zip
2023-04-18 14:43:54.880 INFO  [http-nio-8080-exec-1] com.aptiv.smb.util.SmbReaderUtil - ARCHIVE_CHO_K426CSCQ_2017-05-15.zip
2023-04-18 14:43:55.079 INFO  [http-nio-8080-exec-1] com.aptiv.smb.util.SmbReaderUtil - ARCHIVE_CHO_K426CSCQ_2017-05-16.zip
2023-04-18 14:43:55.239 INFO  [http-nio-8080-exec-1] com.aptiv.smb.util.SmbReaderUtil - ARCHIVE_CHO_K426CSCQ_2017-05-17.zip
2023-04-18 14:43:55.484 INFO  [http-nio-8080-exec-1] com.aptiv.smb.util.SmbReaderUtil - ARCHIVE_CHO_K426CSCQ_2017-05-18.zip
2023-04-18 14:43:55.885 INFO  [http-nio-8080-exec-1] com.aptiv.smb.util.SmbReaderUtil - ARCHIVE_CHO_K426CSCQ_2017-05-19.zip
2023-04-18 14:43:56.048 INFO  [http-nio-8080-exec-1] com.aptiv.smb.util.SmbReaderUtil - ARCHIVE_CHO_K426CSCQ_2017-05-20.zip
2023-04-18 14:43:56.288 INFO  [http-nio-8080-exec-1] com.aptiv.smb.util.SmbReaderUtil - ARCHIVE_CHO_K426CSCQ_2017-05-21.zip
2023-04-18 14:43:56.503 INFO  [http-nio-8080-exec-1] com.aptiv.smb.util.SmbReaderUtil - ARCHIVE_CHO_K426CSCQ_2017-05-22.zip
2023-04-18 14:43:56.663 INFO  [http-nio-8080-exec-1] com.aptiv.smb.util.SmbReaderUtil - ARCHIVE_CHO_K426CSCQ_2017-05-23.zip
2023-04-18 14:43:56.856 INFO  [http-nio-8080-exec-1] com.aptiv.smb.util.SmbReaderUtil - ARCHIVE_CHO_K426CSCQ_2017-05-24.zip
2023-04-18 14:43:57.205 INFO  [http-nio-8080-exec-1] com.aptiv.smb.util.SmbReaderUtil - ARCHIVE_CHO_K426CSCQ_2017-05-25.zip
2023-04-18 14:43:57.424 INFO  [http-nio-8080-exec-1] com.aptiv.smb.util.SmbReaderUtil - ARCHIVE_CHO_K426CSCQ_2017-05-26.zip
2023-04-18 14:43:57.783 INFO  [http-nio-8080-exec-1] com.aptiv.smb.util.SmbReaderUtil - ARCHIVE_CHO_K426CSCQ_2017-05-27.zip
2023-04-18 14:43:58.034 INFO  [http-nio-8080-exec-1] com.aptiv.smb.util.SmbReaderUtil - ARCHIVE_CHO_K426CSCQ_2017-05-28.zip
2023-04-18 14:43:58.262 INFO  [http-nio-8080-exec-1] com.aptiv.smb.util.SmbReaderUtil - ARCHIVE_CHO_K426CSCQ_2017-05-29.zip
2023-04-18 14:43:58.448 INFO  [http-nio-8080-exec-1] com.aptiv.smb.util.SmbReaderUtil - ARCHIVE_CHO_K426CSCQ_2017-05-30.zip
2023-04-18 14:43:58.626 INFO  [http-nio-8080-exec-1] com.aptiv.smb.util.SmbReaderUtil - ARCHIVE_CHO_K426CSCQ_2017-05-31.zip
2023-04-18 14:43:58.848 INFO  [http-nio-8080-exec-1] com.aptiv.smb.util.SmbReaderUtil - ARCHIVE_CHO_K426CSCQ_2017-06-01.zip
2023-04-18 14:43:59.025 INFO  [http-nio-8080-exec-1] com.aptiv.smb.util.SmbReaderUtil - ARCHIVE_CHO_K426CSCQ_2017-06-02.zip
2023-04-18 14:43:59.254 INFO  [http-nio-8080-exec-1] com.aptiv.smb.util.SmbReaderUtil - ARCHIVE_CHO_K426CSCQ_2017-06-03.zip
2023-04-18 14:43:59.440 INFO  [http-nio-8080-exec-1] com.aptiv.smb.util.SmbReaderUtil - ARCHIVE_CHO_K426CSCQ_2017-06-04.zip
2023-04-18 14:43:59.683 INFO  [http-nio-8080-exec-1] com.aptiv.smb.util.SmbReaderUtil - ARCHIVE_CHO_K426CSCQ_2017-06-05.zip
2023-04-18 14:43:59.841 INFO  [http-nio-8080-exec-1] com.aptiv.smb.util.SmbReaderUtil - ARCHIVE_CHO_K426CSCQ_2017-06-06.zip
2023-04-18 14:44:00.035 INFO  [http-nio-8080-exec-1] com.aptiv.smb.util.SmbReaderUtil - ARCHIVE_CHO_K426CSCQ_2017-06-07.zip
2023-04-18 14:44:00.241 INFO  [http-nio-8080-exec-1] com.aptiv.smb.util.SmbReaderUtil - ARCHIVE_CHO_K426CSCQ_2017-06-08.zip
2023-04-18 14:44:00.432 INFO  [http-nio-8080-exec-1] com.aptiv.smb.util.SmbReaderUtil - ARCHIVE_CHO_K426CSCQ_2017-06-09.zip
2023-04-18 14:44:00.697 INFO  [http-nio-8080-exec-1] com.aptiv.smb.util.SmbReaderUtil - ARCHIVE_CHO_K426CSCQ_2017-06-10.zip
2023-04-18 14:44:00.939 INFO  [http-nio-8080-exec-1] com.aptiv.smb.util.SmbReaderUtil - ARCHIVE_CHO_K426CSCQ_2017-06-11.zip
2023-04-18 14:44:01.138 INFO  [http-nio-8080-exec-1] com.aptiv.smb.util.SmbReaderUtil - ARCHIVE_CHO_K426CSCQ_2017-06-12.zip
2023-04-18 14:44:01.392 INFO  [http-nio-8080-exec-1] com.aptiv.smb.util.SmbReaderUtil - ARCHIVE_CHO_K426CSCQ_2017-06-13.zip
2023-04-18 14:44:01.584 INFO  [http-nio-8080-exec-1] com.aptiv.smb.util.SmbReaderUtil - ARCHIVE_CHO_K426CSCQ_2017-06-14.zip
2023-04-18 14:44:01.879 INFO  [http-nio-8080-exec-1] com.aptiv.smb.util.SmbReaderUtil - ARCHIVE_CHO_K426CSCQ_2017-06-15.zip
2023-04-18 14:44:02.156 INFO  [http-nio-8080-exec-1] com.aptiv.smb.util.SmbReaderUtil - ARCHIVE_CHO_K426CSCQ_2017-06-16.zip
2023-04-18 14:44:02.410 INFO  [http-nio-8080-exec-1] com.aptiv.smb.util.SmbReaderUtil - ARCHIVE_CHO_K426CSCQ_2017-06-17.zip
2023-04-18 14:44:02.667 INFO  [http-nio-8080-exec-1] com.aptiv.smb.util.SmbReaderUtil - ARCHIVE_CHO_K426CSCQ_2017-06-18.zip
2023-04-18 14:44:02.854 INFO  [http-nio-8080-exec-1] com.aptiv.smb.util.SmbReaderUtil - ARCHIVE_CHO_K426CSCQ_2017-06-19.zip
2023-04-18 14:44:03.091 INFO  [http-nio-8080-exec-1] com.aptiv.smb.util.SmbReaderUtil - ARCHIVE_CHO_K426CSCQ_2017-06-20.zip
2023-04-18 14:44:03.283 INFO  [http-nio-8080-exec-1] com.aptiv.smb.util.SmbReaderUtil - ARCHIVE_CHO_K426CSCQ_2017-06-21.zip
2023-04-18 14:44:03.619 INFO  [http-nio-8080-exec-1] com.aptiv.smb.util.SmbReaderUtil - ARCHIVE_CHO_K426CSCQ_2017-06-22.zip
2023-04-18 14:44:03.802 INFO  [http-nio-8080-exec-1] com.aptiv.smb.util.SmbReaderUtil - ARCHIVE_CHO_K426CSCQ_2017-06-23.zip
2023-04-18 14:44:04.087 INFO  [http-nio-8080-exec-1] com.aptiv.smb.util.SmbReaderUtil - ARCHIVE_CHO_K426CSCQ_2017-06-24.zip
2023-04-18 14:44:04.439 INFO  [http-nio-8080-exec-1] com.aptiv.smb.util.SmbReaderUtil - ARCHIVE_CHO_K426CSCQ_2017-06-25.zip
2023-04-18 14:44:04.620 INFO  [http-nio-8080-exec-1] com.aptiv.smb.util.SmbReaderUtil - ARCHIVE_CHO_K426CSCQ_2017-06-26.zip
2023-04-18 14:44:04.869 INFO  [http-nio-8080-exec-1] com.aptiv.smb.util.SmbReaderUtil - ARCHIVE_CHO_K426CSCQ_2017-06-27.zip
2023-04-18 14:44:05.061 INFO  [http-nio-8080-exec-1] com.aptiv.smb.util.SmbReaderUtil - ARCHIVE_CHO_K426CSCQ_2017-06-28.zip
2023-04-18 14:44:05.377 INFO  [http-nio-8080-exec-1] com.aptiv.smb.util.SmbReaderUtil - ARCHIVE_CHO_K426CSCQ_2017-06-29.zip
2023-04-18 14:44:05.566 INFO  [http-nio-8080-exec-1] com.aptiv.smb.util.SmbReaderUtil - ARCHIVE_CHO_K426CSCQ_2017-06-30.zip
2023-04-18 14:44:05.893 INFO  [http-nio-8080-exec-1] com.aptiv.smb.util.SmbReaderUtil - ARCHIVE_CHO_K426CSCQ_2017-07-01.zip
2023-04-18 14:44:06.256 INFO  [http-nio-8080-exec-1] com.aptiv.smb.util.SmbReaderUtil - ARCHIVE_CHO_K426CSCQ_2017-07-02.zip
2023-04-18 14:44:06.565 INFO  [http-nio-8080-exec-1] com.aptiv.smb.util.SmbReaderUtil - ARCHIVE_CHO_K426CSCQ_2017-07-03.zip
2023-04-18 14:44:06.747 INFO  [http-nio-8080-exec-1] com.aptiv.smb.util.SmbReaderUtil - ARCHIVE_CHO_K426CSCQ_2017-07-04.zip
2023-04-18 14:44:07.274 INFO  [http-nio-8080-exec-1] com.aptiv.smb.util.SmbReaderUtil - ARCHIVE_CHO_K426CSCQ_2017-07-05.zip
2023-04-18 14:44:07.453 INFO  [http-nio-8080-exec-1] com.aptiv.smb.util.SmbReaderUtil - ARCHIVE_CHO_K426CSCQ_2017-07-06.zip
2023-04-18 14:44:07.785 INFO  [http-nio-8080-exec-1] com.aptiv.smb.util.SmbReaderUtil - ARCHIVE_CHO_K426CSCQ_2017-07-07.zip
2023-04-18 14:44:07.961 INFO  [http-nio-8080-exec-1] com.aptiv.smb.util.SmbReaderUtil - ARCHIVE_CHO_K426CSCQ_2017-07-08.zip
2023-04-18 14:44:08.131 INFO  [http-nio-8080-exec-1] com.aptiv.smb.util.SmbReaderUtil - ARCHIVE_CHO_K426CSCQ_2017-07-09.zip
2023-04-18 14:44:08.328 INFO  [http-nio-8080-exec-1] com.aptiv.smb.util.SmbReaderUtil - ARCHIVE_CHO_K426CSCQ_2017-07-10.zip
2023-04-18 14:44:08.732 INFO  [http-nio-8080-exec-1] com.aptiv.smb.util.SmbReaderUtil - ARCHIVE_CHO_K426CSCQ_2017-07-11.zip
2023-04-18 14:44:08.975 INFO  [http-nio-8080-exec-1] com.aptiv.smb.util.SmbReaderUtil - ARCHIVE_CHO_K426CSCQ_2017-07-12.zip
2023-04-18 14:44:09.211 INFO  [http-nio-8080-exec-1] com.aptiv.smb.util.SmbReaderUtil - ARCHIVE_CHO_K426CSCQ_2017-07-13.zip
2023-04-18 14:44:09.637 INFO  [http-nio-8080-exec-1] com.aptiv.smb.util.SmbReaderUtil - ARCHIVE_CHO_K426CSCQ_2017-07-14.zip
2023-04-18 14:44:09.837 INFO  [http-nio-8080-exec-1] com.aptiv.smb.util.SmbReaderUtil - ARCHIVE_CHO_K426CSCQ_2017-07-15.zip
2023-04-18 14:44:10.094 INFO  [http-nio-8080-exec-1] com.aptiv.smb.util.SmbReaderUtil - ARCHIVE_CHO_K426CSCQ_2017-07-16.zip
2023-04-18 14:44:10.377 INFO  [http-nio-8080-exec-1] com.aptiv.smb.util.SmbReaderUtil - ARCHIVE_CHO_K426CSCQ_2017-07-17.zip
2023-04-18 14:44:10.583 INFO  [http-nio-8080-exec-1] com.aptiv.smb.util.SmbReaderUtil - ARCHIVE_CHO_K426CSCQ_2017-07-18.zip
2023-04-18 14:44:10.755 INFO  [http-nio-8080-exec-1] com.aptiv.smb.util.SmbReaderUtil - ARCHIVE_CHO_K426CSCQ_2017-07-19.zip
2023-04-18 14:44:10.950 INFO  [http-nio-8080-exec-1] com.aptiv.smb.util.SmbReaderUtil - ARCHIVE_CHO_K426CSCQ_2017-07-20.zip
2023-04-18 14:44:11.150 INFO  [http-nio-8080-exec-1] com.aptiv.smb.util.SmbReaderUtil - ARCHIVE_CHO_K426CSCQ_2017-07-21.zip
2023-04-18 14:44:11.346 INFO  [http-nio-8080-exec-1] com.aptiv.smb.util.SmbReaderUtil - ARCHIVE_CHO_K426CSCQ_2017-07-22.zip
2023-04-18 14:44:11.542 INFO  [http-nio-8080-exec-1] com.aptiv.smb.util.SmbReaderUtil - ARCHIVE_CHO_K426CSCQ_2017-07-23.zip
2023-04-18 14:44:11.774 INFO  [http-nio-8080-exec-1] com.aptiv.smb.util.SmbReaderUtil - ARCHIVE_CHO_K426CSCQ_2017-07-24.zip
2023-04-18 14:44:11.961 INFO  [http-nio-8080-exec-1] com.aptiv.smb.util.SmbReaderUtil - ARCHIVE_CHO_K426CSCQ_2017-07-25.zip
2023-04-18 14:44:12.157 INFO  [http-nio-8080-exec-1] com.aptiv.smb.util.SmbReaderUtil - ARCHIVE_CHO_K426CSCQ_2017-07-26.zip
2023-04-18 14:44:12.332 INFO  [http-nio-8080-exec-1] com.aptiv.smb.util.SmbReaderUtil - ARCHIVE_CHO_K426CSCQ_2017-07-27.zip
2023-04-18 14:44:12.744 INFO  [http-nio-8080-exec-1] com.aptiv.smb.util.SmbReaderUtil - ARCHIVE_CHO_K426CSCQ_2017-07-28.zip
2023-04-18 14:44:12.914 INFO  [http-nio-8080-exec-1] com.aptiv.smb.util.SmbReaderUtil - ARCHIVE_CHO_K426CSCQ_2017-07-29.zip
2023-04-18 14:44:13.126 INFO  [http-nio-8080-exec-1] com.aptiv.smb.util.SmbReaderUtil - ARCHIVE_CHO_K426CSCQ_2017-07-30.zip
2023-04-18 14:44:13.300 INFO  [http-nio-8080-exec-1] com.aptiv.smb.util.SmbReaderUtil - ARCHIVE_CHO_K426CSCQ_2017-07-31.zip
2023-04-18 14:44:13.481 INFO  [http-nio-8080-exec-1] com.aptiv.smb.util.SmbReaderUtil - ARCHIVE_CHO_K426CSCQ_2017-08-01.zip
2023-04-18 14:44:13.690 INFO  [http-nio-8080-exec-1] com.aptiv.smb.util.SmbReaderUtil - ARCHIVE_CHO_K426CSCQ_2017-08-02.zip
2023-04-18 14:44:13.866 INFO  [http-nio-8080-exec-1] com.aptiv.smb.util.SmbReaderUtil - ARCHIVE_CHO_K426CSCQ_2017-08-03.zip
2023-04-18 14:44:14.037 INFO  [http-nio-8080-exec-1] com.aptiv.smb.util.SmbReaderUtil - ARCHIVE_CHO_K426CSCQ_2017-08-04.zip
2023-04-18 14:44:14.207 INFO  [http-nio-8080-exec-1] com.aptiv.smb.util.SmbReaderUtil - ARCHIVE_CHO_K426CSCQ_2017-08-05.zip
2023-04-18 14:44:14.439 INFO  [http-nio-8080-exec-1] com.aptiv.smb.util.SmbReaderUtil - ARCHIVE_CHO_K426CSCQ_2017-08-06.zip
2023-04-18 14:44:14.616 INFO  [http-nio-8080-exec-1] com.aptiv.smb.util.SmbReaderUtil - ARCHIVE_CHO_K426CSCQ_2017-08-07.zip
2023-04-18 14:44:14.839 INFO  [http-nio-8080-exec-1] com.aptiv.smb.util.SmbReaderUtil - ARCHIVE_CHO_K426CSCQ_2017-08-08.zip
2023-04-18 14:44:15.084 INFO  [http-nio-8080-exec-1] com.aptiv.smb.util.SmbReaderUtil - ARCHIVE_CHO_K426CSCQ_2017-08-09.zip
2023-04-18 14:44:15.301 INFO  [http-nio-8080-exec-1] com.aptiv.smb.util.SmbReaderUtil - ARCHIVE_CHO_K426CSCQ_2017-08-10.zip
2023-04-18 14:44:15.495 INFO  [http-nio-8080-exec-1] com.aptiv.smb.util.SmbReaderUtil - ARCHIVE_CHO_K426CSCQ_2017-08-11.zip
2023-04-18 14:44:15.671 INFO  [http-nio-8080-exec-1] com.aptiv.smb.util.SmbReaderUtil - ARCHIVE_CHO_K426CSCQ_2017-08-12.zip
2023-04-18 14:44:15.861 INFO  [http-nio-8080-exec-1] com.aptiv.smb.util.SmbReaderUtil - ARCHIVE_CHO_K426CSCQ_2017-08-13.zip
2023-04-18 14:44:16.273 INFO  [http-nio-8080-exec-1] com.aptiv.smb.util.SmbReaderUtil - ARCHIVE_CHO_K426CSCQ_2017-08-14.zip
2023-04-18 14:44:16.478 INFO  [http-nio-8080-exec-1] com.aptiv.smb.service.SmbService - 压缩包数量共计:109个
2023-04-18 14:44:16.482 INFO  [http-nio-8080-exec-1] com.aptiv.smb.util.UnZipUtil - ARCH_633908470.xml
2023-04-18 14:44:16.499 INFO  [http-nio-8080-exec-1] com.aptiv.smb.service.SmbService - xml数量共计:1个
2023-04-18 14:44:16.500 INFO  [http-nio-8080-exec-1] com.aptiv.smb.util.DomParsingUtil - <?xml version="1.0" ?><Archive><ArchiveInfo task="IMP_DELJ_ARCHIVE" user="UserId" MODEL="K426" PLANT="CSCQ" TIMESTAMP="2017-03-29:16:03:42.207706" MODELDESCR="Volvo K426" PLANTDESCR="Chongqing Plant"/><ORDER PRI="0" XNO1="7" XNO2="0" XNO3="0" XNO4="0" XNO5="0" ORDNR="633908470" XREF1="" XREF2="" XREF3="" XREF4="" XREF5="" CUSTNO="DAQ03" ISPROTO="0" ORDSTAT="10" CALLOFTI="2016-03-29:08:15:00.000000" CUSPLANT="610" PRODLINE="00" REVISION="N/A" SEQNREXT="28068" SEQNRINT="0" SERIALNO="" SHICALNR="" REVISIONDATE="2017-03-21:19:07:10.000000" TRANSMISSIONID="170321190710"/><SubProds><ORDERSUB XNO1="0" XNO2="0" XNO3="0" XNO4="0" XNO5="146" XREF1="" XREF2="" XREF3="" XREF4="" XREF5="" CUSSPNR="9401943" ORDSTAT="10" PRINTNO="0" SUBPROD="E" ASMBLDNR="" CALLOFTI="2017-03-27:08:15:00.000000" FILENAME="2017131" REVISION="171221907100905" SENDTIME="2017-03-29:11:27:52.000000" VERNRDNR="0" VERNRKKB="0" VERNRKSK="0" DRAWINGDATE="2017-03-29:11:27:52.000000" EXTREPRODNO="0" INTREPRODNO="0" REVISIONDATE="2017-03-21:19:07:00.000000" DRAWINGVERSION="20171221850"/><ORDERSUB XNO1="0" XNO2="0" XNO3="0" XNO4="0" XNO5="147" XREF1="" XREF2="" XREF3="" XREF4="" XREF5="" CUSSPNR="9401944" ORDSTAT="10" PRINTNO="0" SUBPROD="F" ASMBLDNR="" CALLOFTI="2017-03-27:08:15:00.000000" FILENAME="2017131" REVISION="171221907100906" SENDTIME="2017-03-29:11:27:52.000000" VERNRDNR="0" VERNRKKB="0" VERNRKSK="0" DRAWINGDATE="2017-03-29:11:27:52.000000" EXTREPRODNO="0" INTREPRODNO="0" REVISIONDATE="2017-03-21:19:07:00.000000" DRAWINGVERSION="20171221850"/></SubProds><BillOfMaterial><BOM QTY="1" REFNR="" CUSPNR="31415452" SUBPROD="E" ALTCUSPNO=""/><BOM QTY="1" REFNR="" CUSPNR="31415454" SUBPROD="E" ALTCUSPNO=""/><BOM QTY="1" REFNR="" CUSPNR="31415455" SUBPROD="E" ALTCUSPNO=""/><BOM QTY="1" REFNR="" CUSPNR="31415456" SUBPROD="E" ALTCUSPNO=""/><BOM QTY="1" REFNR="" CUSPNR="31415457" SUBPROD="E" ALTCUSPNO=""/><BOM QTY="1" REFNR="" CUSPNR="31415458" SUBPROD="E" ALTCUSPNO=""/><BOM QTY="1" REFNR="" CUSPNR="31415459" SUBPROD="E" ALTCUSPNO=""/><BOM QTY="1" REFNR="" CUSPNR="31415460" SUBPROD="E" ALTCUSPNO=""/><BOM QTY="1" REFNR="" CUSPNR="31415461" SUBPROD="E" ALTCUSPNO=""/><BOM QTY="1" REFNR="" CUSPNR="31415464" SUBPROD="E" ALTCUSPNO=""/><BOM QTY="1" REFNR="" CUSPNR="31415465" SUBPROD="E" ALTCUSPNO=""/><BOM QTY="1" REFNR="" CUSPNR="31415466" SUBPROD="E" ALTCUSPNO=""/><BOM QTY="1" REFNR="" CUSPNR="31415467" SUBPROD="E" ALTCUSPNO=""/><BOM QTY="1" REFNR="" CUSPNR="31415468" SUBPROD="E" ALTCUSPNO=""/><BOM QTY="1" REFNR="" CUSPNR="31415511" SUBPROD="E" ALTCUSPNO=""/><BOM QTY="1" REFNR="" CUSPNR="31415579" SUBPROD="E" ALTCUSPNO=""/><BOM QTY="1" REFNR="" CUSPNR="31415580" SUBPROD="E" ALTCUSPNO=""/><BOM QTY="1" REFNR="" CUSPNR="31415581" SUBPROD="E" ALTCUSPNO=""/><BOM QTY="1" REFNR="" CUSPNR="31415583" SUBPROD="E" ALTCUSPNO=""/><BOM QTY="1" REFNR="" CUSPNR="31415584" SUBPROD="E" ALTCUSPNO=""/><BOM QTY="1" REFNR="" CUSPNR="31415589" SUBPROD="E" ALTCUSPNO=""/><BOM QTY="1" REFNR="" CUSPNR="31415593" SUBPROD="E" ALTCUSPNO=""/><BOM QTY="1" REFNR="" CUSPNR="31415594" SUBPROD="E" ALTCUSPNO=""/><BOM QTY="1" REFNR="" CUSPNR="31415651" SUBPROD="E" ALTCUSPNO=""/><BOM QTY="1" REFNR="" CUSPNR="31485018" SUBPROD="E" ALTCUSPNO=""/><BOM QTY="1" REFNR="" CUSPNR="31485576" SUBPROD="E" ALTCUSPNO=""/><BOM QTY="1" REFNR="" CUSPNR="31415469" SUBPROD="F" ALTCUSPNO=""/><BOM QTY="1" REFNR="" CUSPNR="31415470" SUBPROD="F" ALTCUSPNO=""/><BOM QTY="1" REFNR="" CUSPNR="31415473" SUBPROD="F" ALTCUSPNO=""/><BOM QTY="1" REFNR="" CUSPNR="31415475" SUBPROD="F" ALTCUSPNO=""/><BOM QTY="1" REFNR="" CUSPNR="31415476" SUBPROD="F" ALTCUSPNO=""/><BOM QTY="1" REFNR="" CUSPNR="31415477" SUBPROD="F" ALTCUSPNO=""/><BOM QTY="1" REFNR="" CUSPNR="31415478" SUBPROD="F" ALTCUSPNO=""/><BOM QTY="1" REFNR="" CUSPNR="31415479" SUBPROD="F" ALTCUSPNO=""/><BOM QTY="1" REFNR="" CUSPNR="31415480" SUBPROD="F" ALTCUSPNO=""/><BOM QTY="1" REFNR="" CUSPNR="31415481" SUBPROD="F" ALTCUSPNO=""/><BOM QTY="1" REFNR="" CUSPNR="31415482" SUBPROD="F" ALTCUSPNO=""/><BOM QTY="1" REFNR="" CUSPNR="31415484" SUBPROD="F" ALTCUSPNO=""/><BOM QTY="1" REFNR="" CUSPNR="31415486" SUBPROD="F" ALTCUSPNO=""/><BOM QTY="1" REFNR="" CUSPNR="31415487" SUBPROD="F" ALTCUSPNO=""/><BOM QTY="1" REFNR="" CUSPNR="31415488" SUBPROD="F" ALTCUSPNO=""/><BOM QTY="1" REFNR="" CUSPNR="31415489" SUBPROD="F" ALTCUSPNO=""/><BOM QTY="1" REFNR="" CUSPNR="31415490" SUBPROD="F" ALTCUSPNO=""/><BOM QTY="1" REFNR="" CUSPNR="31415492" SUBPROD="F" ALTCUSPNO=""/><BOM QTY="1" REFNR="" CUSPNR="31415495" SUBPROD="F" ALTCUSPNO=""/><BOM QTY="1" REFNR="" CUSPNR="31415496" SUBPROD="F" ALTCUSPNO=""/><BOM QTY="1" REFNR="" CUSPNR="31415497" SUBPROD="F" ALTCUSPNO=""/><BOM QTY="1" REFNR="" CUSPNR="31415498" SUBPROD="F" ALTCUSPNO=""/><BOM QTY="1" REFNR="" CUSPNR="31415499" SUBPROD="F" ALTCUSPNO=""/><BOM QTY="1" REFNR="" CUSPNR="31415501" SUBPROD="F" ALTCUSPNO=""/><BOM QTY="1" REFNR="" CUSPNR="31415502" SUBPROD="F" ALTCUSPNO=""/><BOM QTY="1" REFNR="" CUSPNR="31415504" SUBPROD="F" ALTCUSPNO=""/><BOM QTY="1" REFNR="" CUSPNR="31415505" SUBPROD="F" ALTCUSPNO=""/><BOM QTY="1" REFNR="" CUSPNR="31415506" SUBPROD="F" ALTCUSPNO=""/><BOM QTY="1" REFNR="" CUSPNR="31415507" SUBPROD="F" ALTCUSPNO=""/><BOM QTY="1" REFNR="" CUSPNR="31415508" SUBPROD="F" ALTCUSPNO=""/><BOM QTY="1" REFNR="" CUSPNR="31415509" SUBPROD="F" ALTCUSPNO=""/><BOM QTY="1" REFNR="" CUSPNR="31415510" SUBPROD="F" ALTCUSPNO=""/><BOM QTY="1" REFNR="" CUSPNR="31415597" SUBPROD="F" ALTCUSPNO=""/><BOM QTY="1" REFNR="" CUSPNR="31415598" SUBPROD="F" ALTCUSPNO=""/><BOM QTY="1" REFNR="" CUSPNR="31415605" SUBPROD="F" ALTCUSPNO=""/><BOM QTY="1" REFNR="" CUSPNR="31415610" SUBPROD="F" ALTCUSPNO=""/><BOM QTY="1" REFNR="" CUSPNR="31415611" SUBPROD="F" ALTCUSPNO=""/><BOM QTY="1" REFNR="" CUSPNR="31415612" SUBPROD="F" ALTCUSPNO=""/><BOM QTY="1" REFNR="" CUSPNR="31415613" SUBPROD="F" ALTCUSPNO=""/><BOM QTY="1" REFNR="" CUSPNR="31415614" SUBPROD="F" ALTCUSPNO=""/><BOM QTY="1" REFNR="" CUSPNR="31415615" SUBPROD="F" ALTCUSPNO=""/><BOM QTY="1" REFNR="" CUSPNR="31415617" SUBPROD="F" ALTCUSPNO=""/><BOM QTY="1" REFNR="" CUSPNR="31415618" SUBPROD="F" ALTCUSPNO=""/><BOM QTY="1" REFNR="" CUSPNR="31415623" SUBPROD="F" ALTCUSPNO=""/><BOM QTY="1" REFNR="" CUSPNR="31415626" SUBPROD="F" ALTCUSPNO=""/><BOM QTY="1" REFNR="" CUSPNR="31415628" SUBPROD="F" ALTCUSPNO=""/><BOM QTY="1" REFNR="" CUSPNR="31415629" SUBPROD="F" ALTCUSPNO=""/><BOM QTY="1" REFNR="" CUSPNR="31415633" SUBPROD="F" ALTCUSPNO=""/><BOM QTY="1" REFNR="" CUSPNR="31415638" SUBPROD="F" ALTCUSPNO=""/><BOM QTY="1" REFNR="" CUSPNR="31415639" SUBPROD="F" ALTCUSPNO=""/><BOM QTY="1" REFNR="" CUSPNR="31415653" SUBPROD="F" ALTCUSPNO=""/><BOM QTY="1" REFNR="" CUSPNR="31415655" SUBPROD="F" ALTCUSPNO=""/><BOM QTY="1" REFNR="" CUSPNR="31415661" SUBPROD="F" ALTCUSPNO=""/><BOM QTY="1" REFNR="" CUSPNR="31415665" SUBPROD="F" ALTCUSPNO=""/><BOM QTY="1" REFNR="" CUSPNR="31415666" SUBPROD="F" ALTCUSPNO=""/><BOM QTY="1" REFNR="" CUSPNR="31415670" SUBPROD="F" ALTCUSPNO=""/><BOM QTY="1" REFNR="" CUSPNR="31415936" SUBPROD="F" ALTCUSPNO=""/><BOM QTY="1" REFNR="" CUSPNR="31415937" SUBPROD="F" ALTCUSPNO=""/><BOM QTY="1" REFNR="" CUSPNR="31485017" SUBPROD="F" ALTCUSPNO=""/><BOM QTY="1" REFNR="" CUSPNR="31485074" SUBPROD="F" ALTCUSPNO=""/><BOM QTY="1" REFNR="" CUSPNR="31485732" SUBPROD="F" ALTCUSPNO=""/></BillOfMaterial><Events><Event INFO="FTP:2017-03-29-11.24.06.406001" TASK="IMP_LINEUP" EVENT="ORD" USERID="" ISCOMPL="0" SUBPROD="" ORDEVTTI="2017-03-29:11:27:52.764108"/><Event INFO="FTP:2017-03-29-11.24.06.406001" TASK="IMP_LINEUP_AFTER" EVENT="ST" USERID="" ISCOMPL="0" SUBPROD="" ORDEVTTI="2017-03-29:12:29:50.279097"/><Event INFO="FTP:2017-03-29-11.24.06.406001" TASK="IMP_LINEUP_AFTER" EVENT="OK" USERID="" ISCOMPL="0" SUBPROD="" ORDEVTTI="2017-03-29:12:29:50.292143"/><Event INFO="FTP:2017-03-29-11.24.06.406001" TASK="IMP_CHK_UNK_PF" EVENT="ST" USERID="" ISCOMPL="0" SUBPROD="" ORDEVTTI="2017-03-29:12:29:50.295069"/><Event INFO="FTP:2017-03-29-11.24.06.406001" TASK="IMP_CHK_UNK_PF" EVENT="CONT" USERID="" ISCOMPL="0" SUBPROD="" ORDEVTTI="2017-03-29:12:29:50.338812"/><Event INFO="FTP:2017-03-29-11.24.06.406001" TASK="IMP_VCC_TRANS" EVENT="ST" USERID="" ISCOMPL="0" SUBPROD="" ORDEVTTI="2017-03-29:12:29:50.340149"/><Event INFO="FTP:2017-03-29-11.24.06.406001" TASK="IMP_VCC_TRANS" EVENT="DONE" USERID="" ISCOMPL="0" SUBPROD="" ORDEVTTI="2017-03-29:12:29:56.170608"/><Event INFO="FTP:2017-03-29-11.24.06.406001" TASK="IMP_FND_ORD" EVENT="ST" USERID="" ISCOMPL="0" SUBPROD="" ORDEVTTI="2017-03-29:12:29:56.189237"/><Event INFO="FTP:2017-03-29-11.24.06.406001" TASK="IMP_FND_ORD" EVENT="NOT" USERID="" ISCOMPL="0" SUBPROD="" ORDEVTTI="2017-03-29:12:29:56.206909"/><Event INFO="FTP:2017-03-29-11.24.06.406001" TASK="IMP_ORD_PROCESS" EVENT="ST" USERID="" ISCOMPL="0" SUBPROD="" ORDEVTTI="2017-03-29:12:29:56.210821"/><Event INFO="FTP:2017-03-29-11.24.06.406001" TASK="IMP_ORD_PROCESS" EVENT="OK" USERID="" ISCOMPL="0" SUBPROD="" ORDEVTTI="2017-03-29:12:29:56.389002"/><Event INFO="FTP:2017-03-29-11.24.06.406001" TASK="IMP_ORD_CALC_CRC" EVENT="ST" USERID="" ISCOMPL="0" SUBPROD="" ORDEVTTI="2017-03-29:12:29:56.391452"/><Event INFO="FTP:2017-03-29-11.24.06.406001" TASK="IMP_ORD_CALC_CRC" EVENT="OK" USERID="" ISCOMPL="0" SUBPROD="" ORDEVTTI="2017-03-29:12:29:56.414100"/><Event INFO="FTP:2017-03-29-11.24.06.406001" TASK="IMP_ORD_STAT_10" EVENT="ST" USERID="" ISCOMPL="0" SUBPROD="" ORDEVTTI="2017-03-29:12:29:56.417856"/><Event INFO="10" TASK="IMP_ORD_STAT_10" EVENT="PFST" USERID="" ISCOMPL="0" SUBPROD="" ORDEVTTI="2017-03-29:12:29:56.428346"/><Event INFO="10" TASK="IMP_ORD_STAT_10" EVENT="OST" USERID="" ISCOMPL="0" SUBPROD="" ORDEVTTI="2017-03-29:12:29:56.431631"/><Event INFO="FTP:2017-03-29-11.24.06.406001" TASK="IMP_ORD_STAT_10" EVENT="OK" USERID="" ISCOMPL="0" SUBPROD="" ORDEVTTI="2017-03-29:12:29:56.432045"/><Event INFO="FTP:2017-03-29-11.24.06.406001" TASK="IMP_ORD_SPLT" EVENT="ST" USERID="" ISCOMPL="0" SUBPROD="" ORDEVTTI="2017-03-29:12:29:56.435778"/><Event INFO="FTP:2017-03-29-11.24.06.406001" TASK="IMP_ORD_SPLT" EVENT="E" USERID="" ISCOMPL="0" SUBPROD="E" ORDEVTTI="2017-03-29:12:29:56.444481"/><Event INFO="FTP:2017-03-29-11.24.06.406001" TASK="IMP_ORD_PLANPROD" EVENT="ST" USERID="" ISCOMPL="0" SUBPROD="E" ORDEVTTI="2017-03-29:12:29:56.447598"/><Event INFO="FTP:2017-03-29-11.24.06.406001" TASK="IMP_ORD_PLANPROD" EVENT="OK" USERID="" ISCOMPL="0" SUBPROD="E" ORDEVTTI="2017-03-29:12:29:56.454553"/><Event INFO="FTP:2017-03-29-11.24.06.406001" TASK="IMP_ORD_BOMID" EVENT="ST" USERID="" ISCOMPL="0" SUBPROD="E" ORDEVTTI="2017-03-29:12:29:56.456879"/><Event INFO="FTP:2017-03-29-11.24.06.406001" TASK="IMP_ORD_BOMID" EVENT="OK" USERID="" ISCOMPL="0" SUBPROD="E" ORDEVTTI="2017-03-29:12:29:56.539627"/><Event INFO="FTP:2017-03-29-11.24.06.406001" TASK="IMP_ORD_SPLT" EVENT="F" USERID="" ISCOMPL="0" SUBPROD="F" ORDEVTTI="2017-03-29:12:29:56.553177"/><Event INFO="FTP:2017-03-29-11.24.06.406001" TASK="IMP_ORD_PLANPROD" EVENT="ST" USERID="" ISCOMPL="0" SUBPROD="F" ORDEVTTI="2017-03-29:12:29:56.553819"/><Event INFO="FTP:2017-03-29-11.24.06.406001" TASK="IMP_ORD_PLANPROD" EVENT="OK" USERID="" ISCOMPL="0" SUBPROD="F" ORDEVTTI="2017-03-29:12:29:56.555229"/><Event INFO="FTP:2017-03-29-11.24.06.406001" TASK="IMP_ORD_BOMID" EVENT="ST" USERID="" ISCOMPL="0" SUBPROD="F" ORDEVTTI="2017-03-29:12:29:56.555902"/><Event INFO="FTP:2017-03-29-11.24.06.406001" TASK="IMP_ORD_BOMID" EVENT="OK" USERID="" ISCOMPL="0" SUBPROD="F" ORDEVTTI="2017-03-29:12:29:56.619773"/><Event INFO="FTP:2017-03-29-11.24.06.406001" TASK="IMP_ORD_SPLT" EVENT="OK" USERID="" ISCOMPL="0" SUBPROD="" ORDEVTTI="2017-03-29:12:29:56.631390"/><Event INFO="FTP:2017-03-29-11.24.06.406001" TASK="IMP_FND_ORD" EVENT="OK" USERID="" ISCOMPL="0" SUBPROD="" ORDEVTTI="2017-03-29:12:29:56.632020"/><Event INFO="FTP:2017-03-29-11.24.06.406001" TASK="IMP_VCC_TRANS" EVENT="OK" USERID="" ISCOMPL="0" SUBPROD="" ORDEVTTI="2017-03-29:12:29:56.632598"/><Event INFO="FTP:2017-03-29-11.24.06.406001" TASK="IMP_CHK_UNK_PF" EVENT="OK" USERID="" ISCOMPL="0" SUBPROD="" ORDEVTTI="2017-03-29:12:29:56.643365"/><Event INFO="PROCESSED ORDER CHANGED MANUALLY" TASK="" EVENT="CHG" USERID="zzksms" ISCOMPL="1" SUBPROD="" ORDEVTTI="2017-03-29:16:01:29.304265"/><Event INFO="Taskapi auto event" TASK="CLN_STAT_10" EVENT="ORD" USERID="AUTO" ISCOMPL="0" SUBPROD="" ORDEVTTI="2017-03-29:16:03:42.121228"/><Event INFO="Taskapi auto event" TASK="CLN-TRIGGER-ARCH" EVENT="ST" USERID="AUTO" ISCOMPL="0" SUBPROD="" ORDEVTTI="2017-03-29:16:03:42.123656"/><Event INFO="Taskapi auto event" TASK="CLN-TRIGGER-ARCH" EVENT="OK" USERID="AUTO" ISCOMPL="0" SUBPROD="" ORDEVTTI="2017-03-29:16:03:42.124168"/><Event INFO="Taskapi auto event" TASK="IMP_DELJ_ARCHIVE" EVENT="ST" USERID="AUTO" ISCOMPL="0" SUBPROD="" ORDEVTTI="2017-03-29:16:03:42.190308"/></Events><BatchEntries/><ProductionScheduling/><PackDispatchInfo/><Bookings/><Operations/><Routings/><OrderEnd/></Archive>


2023-04-18 14:44:36.232 INFO  [main] com.aptiv.smb.Application - Starting Application on DL9X08TT3 with PID 23124 (C:\MyProject\smbFileReadAndAnalysis\target\classes started by z7h3qv in C:\MyProject\smbFileReadAndAnalysis)
2023-04-18 14:44:36.235 INFO  [main] com.aptiv.smb.Application - No active profile set, falling back to default profiles: default
2023-04-18 14:44:37.181 INFO  [main] org.springframework.boot.web.embedded.tomcat.TomcatWebServer - Tomcat initialized with port(s): 8080 (http)
2023-04-18 14:44:37.188 INFO  [main] org.apache.coyote.http11.Http11NioProtocol - Initializing ProtocolHandler ["http-nio-8080"]
2023-04-18 14:44:37.188 INFO  [main] org.apache.catalina.core.StandardService - Starting service [Tomcat]
2023-04-18 14:44:37.188 INFO  [main] org.apache.catalina.core.StandardEngine - Starting Servlet engine: [Apache Tomcat/9.0.38]
2023-04-18 14:44:37.263 INFO  [main] org.apache.catalina.core.ContainerBase.[Tomcat].[localhost].[/] - Initializing Spring embedded WebApplicationContext
2023-04-18 14:44:37.263 INFO  [main] org.springframework.boot.web.servlet.context.ServletWebServerApplicationContext - Root WebApplicationContext: initialization completed in 993 ms
2023-04-18 14:44:37.578 INFO  [main] springfox.documentation.spring.web.PropertySourcedRequestMappingHandlerMapping - Mapped URL path [/v2/api-docs] onto method [springfox.documentation.swagger2.web.Swagger2Controller#getDocumentation(String, HttpServletRequest)]
2023-04-18 14:44:37.644 INFO  [main] org.springframework.scheduling.concurrent.ThreadPoolTaskExecutor - Initializing ExecutorService 'applicationTaskExecutor'
2023-04-18 14:44:37.728 INFO  [main] org.springframework.scheduling.concurrent.ThreadPoolTaskScheduler - Initializing ExecutorService 'taskScheduler'
2023-04-18 14:44:37.741 INFO  [main] org.apache.coyote.http11.Http11NioProtocol - Starting ProtocolHandler ["http-nio-8080"]
2023-04-18 14:44:37.810 INFO  [main] org.springframework.boot.web.embedded.tomcat.TomcatWebServer - Tomcat started on port(s): 8080 (http) with context path ''
2023-04-18 14:44:37.811 INFO  [main] springfox.documentation.spring.web.plugins.DocumentationPluginsBootstrapper - Context refreshed
2023-04-18 14:44:37.822 INFO  [main] springfox.documentation.spring.web.plugins.DocumentationPluginsBootstrapper - Found 1 custom documentation plugin(s)
2023-04-18 14:44:37.842 INFO  [main] springfox.documentation.spring.web.scanners.ApiListingReferenceScanner - Scanning for api listing references
2023-04-18 14:44:37.895 INFO  [main] com.aptiv.smb.Application - Started Application in 1.907 seconds (JVM running for 2.741)
2023-04-18 14:44:37.896 INFO  [main] com.aptiv.smb.Application - [32m-------------------程序启动成功-------------------[0;39m
