2023-04-18 09:15:10.418 INFO  [main] com.aptiv.smb.Application - Starting Application on DL9X08TT3 with PID 12972 (C:\MyProject\smbFileReadAndAnalysis\target\classes started by z7h3qv in C:\MyProject\smbFileReadAndAnalysis)
2023-04-18 09:15:10.421 INFO  [main] com.aptiv.smb.Application - No active profile set, falling back to default profiles: default
2023-04-18 09:15:11.356 INFO  [main] org.springframework.boot.web.embedded.tomcat.TomcatWebServer - Tomcat initialized with port(s): 8080 (http)
2023-04-18 09:15:11.363 INFO  [main] org.apache.coyote.http11.Http11NioProtocol - Initializing ProtocolHandler ["http-nio-8080"]
2023-04-18 09:15:11.363 INFO  [main] org.apache.catalina.core.StandardService - Starting service [Tomcat]
2023-04-18 09:15:11.364 INFO  [main] org.apache.catalina.core.StandardEngine - Starting Servlet engine: [Apache Tomcat/9.0.38]
2023-04-18 09:15:11.440 INFO  [main] org.apache.catalina.core.ContainerBase.[Tomcat].[localhost].[/] - Initializing Spring embedded WebApplicationContext
2023-04-18 09:15:11.440 INFO  [main] org.springframework.boot.web.servlet.context.ServletWebServerApplicationContext - Root WebApplicationContext: initialization completed in 974 ms
2023-04-18 09:15:11.721 INFO  [main] springfox.documentation.spring.web.PropertySourcedRequestMappingHandlerMapping - Mapped URL path [/v2/api-docs] onto method [springfox.documentation.swagger2.web.Swagger2Controller#getDocumentation(String, HttpServletRequest)]
2023-04-18 09:15:11.800 INFO  [main] org.springframework.scheduling.concurrent.ThreadPoolTaskExecutor - Initializing ExecutorService 'applicationTaskExecutor'
2023-04-18 09:15:11.882 INFO  [main] org.springframework.scheduling.concurrent.ThreadPoolTaskScheduler - Initializing ExecutorService 'taskScheduler'
2023-04-18 09:15:11.894 INFO  [main] org.apache.coyote.http11.Http11NioProtocol - Starting ProtocolHandler ["http-nio-8080"]
2023-04-18 09:15:11.956 INFO  [main] org.springframework.boot.web.embedded.tomcat.TomcatWebServer - Tomcat started on port(s): 8080 (http) with context path ''
2023-04-18 09:15:11.957 INFO  [main] springfox.documentation.spring.web.plugins.DocumentationPluginsBootstrapper - Context refreshed
2023-04-18 09:15:11.970 INFO  [main] springfox.documentation.spring.web.plugins.DocumentationPluginsBootstrapper - Found 1 custom documentation plugin(s)
2023-04-18 09:15:11.991 INFO  [main] springfox.documentation.spring.web.scanners.ApiListingReferenceScanner - Scanning for api listing references
2023-04-18 09:15:12.050 INFO  [main] com.aptiv.smb.Application - Started Application in 1.979 seconds (JVM running for 2.801)
2023-04-18 09:15:12.051 INFO  [main] com.aptiv.smb.Application - [32m-------------------程序启动成功-------------------[0;39m
2023-04-18 09:15:54.526 INFO  [main] org.springframework.boot.test.context.SpringBootTestContextBootstrapper - Neither @ContextConfiguration nor @ContextHierarchy found for test class [com.aptiv.smb.SmbApplicationTests], using SpringBootContextLoader
2023-04-18 09:15:54.531 INFO  [main] org.springframework.test.context.support.AbstractContextLoader - Could not detect default resource locations for test class [com.aptiv.smb.SmbApplicationTests]: no resource found for suffixes {-context.xml, Context.groovy}.
2023-04-18 09:15:54.531 INFO  [main] org.springframework.test.context.support.AnnotationConfigContextLoaderUtils - Could not detect default configuration classes for test class [com.aptiv.smb.SmbApplicationTests]: SmbApplicationTests does not declare any static, non-private, non-final, nested classes annotated with @Configuration.
2023-04-18 09:15:54.647 INFO  [main] org.springframework.boot.test.context.SpringBootTestContextBootstrapper - Found @SpringBootConfiguration com.aptiv.smb.Application for test class com.aptiv.smb.SmbApplicationTests
2023-04-18 09:15:54.731 INFO  [main] org.springframework.boot.test.context.SpringBootTestContextBootstrapper - Loaded default TestExecutionListener class names from location [META-INF/spring.factories]: [org.springframework.boot.test.mock.mockito.MockitoTestExecutionListener, org.springframework.boot.test.mock.mockito.ResetMocksTestExecutionListener, org.springframework.boot.test.autoconfigure.restdocs.RestDocsTestExecutionListener, org.springframework.boot.test.autoconfigure.web.client.MockRestServiceServerResetTestExecutionListener, org.springframework.boot.test.autoconfigure.web.servlet.MockMvcPrintOnlyOnFailureTestExecutionListener, org.springframework.boot.test.autoconfigure.web.servlet.WebDriverTestExecutionListener, org.springframework.boot.test.autoconfigure.webservices.client.MockWebServiceServerTestExecutionListener, org.springframework.test.context.web.ServletTestExecutionListener, org.springframework.test.context.support.DirtiesContextBeforeModesTestExecutionListener, org.springframework.test.context.support.DependencyInjectionTestExecutionListener, org.springframework.test.context.support.DirtiesContextTestExecutionListener, org.springframework.test.context.transaction.TransactionalTestExecutionListener, org.springframework.test.context.jdbc.SqlScriptsTestExecutionListener, org.springframework.test.context.event.EventPublishingTestExecutionListener]
2023-04-18 09:15:54.747 INFO  [main] org.springframework.boot.test.context.SpringBootTestContextBootstrapper - Using TestExecutionListeners: [org.springframework.test.context.web.ServletTestExecutionListener@665e9289, org.springframework.test.context.support.DirtiesContextBeforeModesTestExecutionListener@7d3430a7, org.springframework.boot.test.mock.mockito.MockitoTestExecutionListener@6f603e89, org.springframework.boot.test.autoconfigure.SpringBootDependencyInjectionTestExecutionListener@2756c0a7, org.springframework.test.context.support.DirtiesContextTestExecutionListener@350ec41e, org.springframework.test.context.event.EventPublishingTestExecutionListener@69637b10, org.springframework.boot.test.mock.mockito.ResetMocksTestExecutionListener@71984c3, org.springframework.boot.test.autoconfigure.restdocs.RestDocsTestExecutionListener@165b2f7f, org.springframework.boot.test.autoconfigure.web.client.MockRestServiceServerResetTestExecutionListener@5536379e, org.springframework.boot.test.autoconfigure.web.servlet.MockMvcPrintOnlyOnFailureTestExecutionListener@277f7dd3, org.springframework.boot.test.autoconfigure.web.servlet.WebDriverTestExecutionListener@6c8bca63, org.springframework.boot.test.autoconfigure.webservices.client.MockWebServiceServerTestExecutionListener@2364305a]
2023-04-18 09:16:45.519 INFO  [main] org.springframework.boot.test.context.SpringBootTestContextBootstrapper - Neither @ContextConfiguration nor @ContextHierarchy found for test class [com.aptiv.smb.SmbApplicationTests], using SpringBootContextLoader
2023-04-18 09:16:45.525 INFO  [main] org.springframework.test.context.support.AbstractContextLoader - Could not detect default resource locations for test class [com.aptiv.smb.SmbApplicationTests]: no resource found for suffixes {-context.xml, Context.groovy}.
2023-04-18 09:16:45.526 INFO  [main] org.springframework.test.context.support.AnnotationConfigContextLoaderUtils - Could not detect default configuration classes for test class [com.aptiv.smb.SmbApplicationTests]: SmbApplicationTests does not declare any static, non-private, non-final, nested classes annotated with @Configuration.
2023-04-18 09:16:45.708 INFO  [main] org.springframework.boot.test.context.SpringBootTestContextBootstrapper - Found @SpringBootConfiguration com.aptiv.smb.Application for test class com.aptiv.smb.SmbApplicationTests
2023-04-18 09:16:45.803 INFO  [main] org.springframework.boot.test.context.SpringBootTestContextBootstrapper - Loaded default TestExecutionListener class names from location [META-INF/spring.factories]: [org.springframework.boot.test.mock.mockito.MockitoTestExecutionListener, org.springframework.boot.test.mock.mockito.ResetMocksTestExecutionListener, org.springframework.boot.test.autoconfigure.restdocs.RestDocsTestExecutionListener, org.springframework.boot.test.autoconfigure.web.client.MockRestServiceServerResetTestExecutionListener, org.springframework.boot.test.autoconfigure.web.servlet.MockMvcPrintOnlyOnFailureTestExecutionListener, org.springframework.boot.test.autoconfigure.web.servlet.WebDriverTestExecutionListener, org.springframework.boot.test.autoconfigure.webservices.client.MockWebServiceServerTestExecutionListener, org.springframework.test.context.web.ServletTestExecutionListener, org.springframework.test.context.support.DirtiesContextBeforeModesTestExecutionListener, org.springframework.test.context.support.DependencyInjectionTestExecutionListener, org.springframework.test.context.support.DirtiesContextTestExecutionListener, org.springframework.test.context.transaction.TransactionalTestExecutionListener, org.springframework.test.context.jdbc.SqlScriptsTestExecutionListener, org.springframework.test.context.event.EventPublishingTestExecutionListener]
2023-04-18 09:16:45.813 INFO  [main] org.springframework.boot.test.context.SpringBootTestContextBootstrapper - Using TestExecutionListeners: [org.springframework.test.context.web.ServletTestExecutionListener@665e9289, org.springframework.test.context.support.DirtiesContextBeforeModesTestExecutionListener@7d3430a7, org.springframework.boot.test.mock.mockito.MockitoTestExecutionListener@6f603e89, org.springframework.boot.test.autoconfigure.SpringBootDependencyInjectionTestExecutionListener@2756c0a7, org.springframework.test.context.support.DirtiesContextTestExecutionListener@350ec41e, org.springframework.test.context.event.EventPublishingTestExecutionListener@69637b10, org.springframework.boot.test.mock.mockito.ResetMocksTestExecutionListener@71984c3, org.springframework.boot.test.autoconfigure.restdocs.RestDocsTestExecutionListener@165b2f7f, org.springframework.boot.test.autoconfigure.web.client.MockRestServiceServerResetTestExecutionListener@5536379e, org.springframework.boot.test.autoconfigure.web.servlet.MockMvcPrintOnlyOnFailureTestExecutionListener@277f7dd3, org.springframework.boot.test.autoconfigure.web.servlet.WebDriverTestExecutionListener@6c8bca63, org.springframework.boot.test.autoconfigure.webservices.client.MockWebServiceServerTestExecutionListener@2364305a]
2023-04-18 09:17:34.634 INFO  [main] org.springframework.boot.test.context.SpringBootTestContextBootstrapper - Neither @ContextConfiguration nor @ContextHierarchy found for test class [com.aptiv.smb.SmbApplicationTests], using SpringBootContextLoader
2023-04-18 09:17:34.639 INFO  [main] org.springframework.test.context.support.AbstractContextLoader - Could not detect default resource locations for test class [com.aptiv.smb.SmbApplicationTests]: no resource found for suffixes {-context.xml, Context.groovy}.
2023-04-18 09:17:34.640 INFO  [main] org.springframework.test.context.support.AnnotationConfigContextLoaderUtils - Could not detect default configuration classes for test class [com.aptiv.smb.SmbApplicationTests]: SmbApplicationTests does not declare any static, non-private, non-final, nested classes annotated with @Configuration.
2023-04-18 09:17:34.743 INFO  [main] org.springframework.boot.test.context.SpringBootTestContextBootstrapper - Found @SpringBootConfiguration com.aptiv.smb.Application for test class com.aptiv.smb.SmbApplicationTests
2023-04-18 09:17:34.820 INFO  [main] org.springframework.boot.test.context.SpringBootTestContextBootstrapper - Loaded default TestExecutionListener class names from location [META-INF/spring.factories]: [org.springframework.boot.test.mock.mockito.MockitoTestExecutionListener, org.springframework.boot.test.mock.mockito.ResetMocksTestExecutionListener, org.springframework.boot.test.autoconfigure.restdocs.RestDocsTestExecutionListener, org.springframework.boot.test.autoconfigure.web.client.MockRestServiceServerResetTestExecutionListener, org.springframework.boot.test.autoconfigure.web.servlet.MockMvcPrintOnlyOnFailureTestExecutionListener, org.springframework.boot.test.autoconfigure.web.servlet.WebDriverTestExecutionListener, org.springframework.boot.test.autoconfigure.webservices.client.MockWebServiceServerTestExecutionListener, org.springframework.test.context.web.ServletTestExecutionListener, org.springframework.test.context.support.DirtiesContextBeforeModesTestExecutionListener, org.springframework.test.context.support.DependencyInjectionTestExecutionListener, org.springframework.test.context.support.DirtiesContextTestExecutionListener, org.springframework.test.context.transaction.TransactionalTestExecutionListener, org.springframework.test.context.jdbc.SqlScriptsTestExecutionListener, org.springframework.test.context.event.EventPublishingTestExecutionListener]
2023-04-18 09:17:34.833 INFO  [main] org.springframework.boot.test.context.SpringBootTestContextBootstrapper - Using TestExecutionListeners: [org.springframework.test.context.web.ServletTestExecutionListener@56276db8, org.springframework.test.context.support.DirtiesContextBeforeModesTestExecutionListener@51e8e6e6, org.springframework.boot.test.mock.mockito.MockitoTestExecutionListener@56f6d40b, org.springframework.boot.test.autoconfigure.SpringBootDependencyInjectionTestExecutionListener@36676c1a, org.springframework.test.context.support.DirtiesContextTestExecutionListener@5b408dc3, org.springframework.test.context.event.EventPublishingTestExecutionListener@4d098f9b, org.springframework.boot.test.mock.mockito.ResetMocksTestExecutionListener@2dbf4cbd, org.springframework.boot.test.autoconfigure.restdocs.RestDocsTestExecutionListener@20b5f2ac, org.springframework.boot.test.autoconfigure.web.client.MockRestServiceServerResetTestExecutionListener@7fc44dec, org.springframework.boot.test.autoconfigure.web.servlet.MockMvcPrintOnlyOnFailureTestExecutionListener@7e3060d8, org.springframework.boot.test.autoconfigure.web.servlet.WebDriverTestExecutionListener@293d0107, org.springframework.boot.test.autoconfigure.webservices.client.MockWebServiceServerTestExecutionListener@2692b61e]
2023-04-18 09:18:54.142 INFO  [main] com.aptiv.smb.Application - Starting Application on DL9X08TT3 with PID 2148 (C:\MyProject\smbFileReadAndAnalysis\target\classes started by z7h3qv in C:\MyProject\smbFileReadAndAnalysis)
2023-04-18 09:18:54.145 INFO  [main] com.aptiv.smb.Application - No active profile set, falling back to default profiles: default
2023-04-18 09:18:55.123 INFO  [main] org.springframework.boot.web.embedded.tomcat.TomcatWebServer - Tomcat initialized with port(s): 8080 (http)
2023-04-18 09:18:55.129 INFO  [main] org.apache.coyote.http11.Http11NioProtocol - Initializing ProtocolHandler ["http-nio-8080"]
2023-04-18 09:18:55.130 INFO  [main] org.apache.catalina.core.StandardService - Starting service [Tomcat]
2023-04-18 09:18:55.130 INFO  [main] org.apache.catalina.core.StandardEngine - Starting Servlet engine: [Apache Tomcat/9.0.38]
2023-04-18 09:18:55.216 INFO  [main] org.apache.catalina.core.ContainerBase.[Tomcat].[localhost].[/] - Initializing Spring embedded WebApplicationContext
2023-04-18 09:18:55.216 INFO  [main] org.springframework.boot.web.servlet.context.ServletWebServerApplicationContext - Root WebApplicationContext: initialization completed in 1035 ms
2023-04-18 09:18:55.493 INFO  [main] springfox.documentation.spring.web.PropertySourcedRequestMappingHandlerMapping - Mapped URL path [/v2/api-docs] onto method [springfox.documentation.swagger2.web.Swagger2Controller#getDocumentation(String, HttpServletRequest)]
2023-04-18 09:18:55.558 INFO  [main] org.springframework.scheduling.concurrent.ThreadPoolTaskExecutor - Initializing ExecutorService 'applicationTaskExecutor'
2023-04-18 09:18:55.638 INFO  [main] org.springframework.scheduling.concurrent.ThreadPoolTaskScheduler - Initializing ExecutorService 'taskScheduler'
2023-04-18 09:18:55.650 INFO  [main] org.apache.coyote.http11.Http11NioProtocol - Starting ProtocolHandler ["http-nio-8080"]
2023-04-18 09:18:55.731 INFO  [main] org.springframework.boot.web.embedded.tomcat.TomcatWebServer - Tomcat started on port(s): 8080 (http) with context path ''
2023-04-18 09:18:55.731 INFO  [main] springfox.documentation.spring.web.plugins.DocumentationPluginsBootstrapper - Context refreshed
2023-04-18 09:18:55.741 INFO  [main] springfox.documentation.spring.web.plugins.DocumentationPluginsBootstrapper - Found 1 custom documentation plugin(s)
2023-04-18 09:18:55.761 INFO  [main] springfox.documentation.spring.web.scanners.ApiListingReferenceScanner - Scanning for api listing references
2023-04-18 09:18:55.812 INFO  [main] com.aptiv.smb.Application - Started Application in 1.963 seconds (JVM running for 2.707)
2023-04-18 09:18:55.813 INFO  [main] com.aptiv.smb.Application - [32m-------------------程序启动成功-------------------[0;39m
2023-04-18 09:21:44.473 INFO  [http-nio-8080-exec-1] org.apache.catalina.core.ContainerBase.[Tomcat].[localhost].[/] - Initializing Spring DispatcherServlet 'dispatcherServlet'
2023-04-18 09:21:44.473 INFO  [http-nio-8080-exec-1] org.springframework.web.servlet.DispatcherServlet - Initializing Servlet 'dispatcherServlet'
2023-04-18 09:21:44.479 INFO  [http-nio-8080-exec-1] org.springframework.web.servlet.DispatcherServlet - Completed initialization in 6 ms
2023-04-18 09:21:52.720 INFO  [http-nio-8080-exec-9] com.aptiv.smb.config.RequestAspect - 收到请求 | URL:http://localhost:8080/smb/do | HTTP_METHOD:GET | IP:0:0:0:0:0:0:0:1 | CLASS_METHOD:com.aptiv.smb.controller.SmbController.doIt | ARGS:[org.apache.catalina.connector.ResponseFacade@458dc1d]
2023-04-18 09:21:52.933 INFO  [http-nio-8080-exec-9] com.hierynomus.smbj.connection.Connection - Successfully connected to: 10.132.15.18
2023-04-18 09:21:53.456 INFO  [http-nio-8080-exec-9] com.hierynomus.smbj.connection.Connection - Successfully authenticated zhou.li@aptiv.com on 10.132.15.18, session is 457399454404097
2023-04-18 09:21:53.459 INFO  [http-nio-8080-exec-9] com.hierynomus.smbj.session.Session - Connecting to \\10.132.15.18\K426 ArchivingFiles on session 457399454404097
2023-04-18 09:21:53.532 INFO  [http-nio-8080-exec-9] com.aptiv.smb.util.SmbReaderUtil - DiskShare[\\10.132.15.18\K426 ArchivingFiles]
2023-04-18 09:21:55.523 INFO  [http-nio-8080-exec-9] com.aptiv.smb.util.SmbReaderUtil - ARCHIVE_CHO_K426CSCQ_2017-04-28.zip
2023-04-18 09:21:55.765 INFO  [http-nio-8080-exec-9] com.aptiv.smb.util.SmbReaderUtil - ARCHIVE_CHO_K426CSCQ_2017-04-29.zip
2023-04-18 09:21:56.008 INFO  [http-nio-8080-exec-9] com.aptiv.smb.util.SmbReaderUtil - ARCHIVE_CHO_K426CSCQ_2017-04-30.zip
2023-04-18 09:21:56.379 INFO  [http-nio-8080-exec-9] com.aptiv.smb.util.SmbReaderUtil - ARCHIVE_CHO_K426CSCQ_2017-05-01.zip
2023-04-18 09:21:56.565 INFO  [http-nio-8080-exec-9] com.aptiv.smb.util.SmbReaderUtil - ARCHIVE_CHO_K426CSCQ_2017-05-02.zip
2023-04-18 09:21:56.923 INFO  [http-nio-8080-exec-9] com.aptiv.smb.util.SmbReaderUtil - ARCHIVE_CHO_K426CSCQ_2017-05-03.zip
2023-04-18 09:21:57.438 INFO  [http-nio-8080-exec-9] com.aptiv.smb.util.SmbReaderUtil - ARCHIVE_CHO_K426CSCQ_2017-05-04.zip
2023-04-18 09:21:57.794 INFO  [http-nio-8080-exec-9] com.aptiv.smb.util.SmbReaderUtil - ARCHIVE_CHO_K426CSCQ_2017-05-05.zip
2023-04-18 09:21:58.070 INFO  [http-nio-8080-exec-9] com.aptiv.smb.util.SmbReaderUtil - ARCHIVE_CHO_K426CSCQ_2017-05-06.zip
2023-04-18 09:21:58.366 INFO  [http-nio-8080-exec-9] com.aptiv.smb.util.SmbReaderUtil - ARCHIVE_CHO_K426CSCQ_2017-05-07.zip
2023-04-18 09:21:58.592 INFO  [http-nio-8080-exec-9] com.aptiv.smb.util.SmbReaderUtil - ARCHIVE_CHO_K426CSCQ_2017-05-08.zip
2023-04-18 09:21:58.802 INFO  [http-nio-8080-exec-9] com.aptiv.smb.util.SmbReaderUtil - ARCHIVE_CHO_K426CSCQ_2017-05-09.zip
2023-04-18 09:21:59.147 INFO  [http-nio-8080-exec-9] com.aptiv.smb.util.SmbReaderUtil - ARCHIVE_CHO_K426CSCQ_2017-05-10.zip
2023-04-18 09:21:59.494 INFO  [http-nio-8080-exec-9] com.aptiv.smb.util.SmbReaderUtil - ARCHIVE_CHO_K426CSCQ_2017-05-11.zip
2023-04-18 09:21:59.698 INFO  [http-nio-8080-exec-9] com.aptiv.smb.util.SmbReaderUtil - ARCHIVE_CHO_K426CSCQ_2017-05-12.zip
2023-04-18 09:22:00.000 INFO  [http-nio-8080-exec-9] com.aptiv.smb.util.SmbReaderUtil - ARCHIVE_CHO_K426CSCQ_2017-05-13.zip
2023-04-18 09:22:00.252 INFO  [http-nio-8080-exec-9] com.aptiv.smb.util.SmbReaderUtil - ARCHIVE_CHO_K426CSCQ_2017-05-14.zip
2023-04-18 09:22:00.461 INFO  [http-nio-8080-exec-9] com.aptiv.smb.util.SmbReaderUtil - ARCHIVE_CHO_K426CSCQ_2017-05-15.zip
2023-04-18 09:22:00.672 INFO  [http-nio-8080-exec-9] com.aptiv.smb.util.SmbReaderUtil - ARCHIVE_CHO_K426CSCQ_2017-05-16.zip
2023-04-18 09:22:00.894 INFO  [http-nio-8080-exec-9] com.aptiv.smb.util.SmbReaderUtil - ARCHIVE_CHO_K426CSCQ_2017-05-17.zip
2023-04-18 09:22:01.122 INFO  [http-nio-8080-exec-9] com.aptiv.smb.util.SmbReaderUtil - ARCHIVE_CHO_K426CSCQ_2017-05-18.zip
2023-04-18 09:22:01.325 INFO  [http-nio-8080-exec-9] com.aptiv.smb.util.SmbReaderUtil - ARCHIVE_CHO_K426CSCQ_2017-05-19.zip
2023-04-18 09:22:01.611 INFO  [http-nio-8080-exec-9] com.aptiv.smb.util.SmbReaderUtil - ARCHIVE_CHO_K426CSCQ_2017-05-20.zip
2023-04-18 09:22:01.805 INFO  [http-nio-8080-exec-9] com.aptiv.smb.util.SmbReaderUtil - ARCHIVE_CHO_K426CSCQ_2017-05-21.zip
2023-04-18 09:22:01.981 INFO  [http-nio-8080-exec-9] com.aptiv.smb.util.SmbReaderUtil - ARCHIVE_CHO_K426CSCQ_2017-05-22.zip
2023-04-18 09:22:02.167 INFO  [http-nio-8080-exec-9] com.aptiv.smb.util.SmbReaderUtil - ARCHIVE_CHO_K426CSCQ_2017-05-23.zip
2023-04-18 09:22:02.392 INFO  [http-nio-8080-exec-9] com.aptiv.smb.util.SmbReaderUtil - ARCHIVE_CHO_K426CSCQ_2017-05-24.zip
2023-04-18 09:22:02.616 INFO  [http-nio-8080-exec-9] com.aptiv.smb.util.SmbReaderUtil - ARCHIVE_CHO_K426CSCQ_2017-05-25.zip
2023-04-18 09:22:02.865 INFO  [http-nio-8080-exec-9] com.aptiv.smb.util.SmbReaderUtil - ARCHIVE_CHO_K426CSCQ_2017-05-26.zip
2023-04-18 09:22:03.064 INFO  [http-nio-8080-exec-9] com.aptiv.smb.util.SmbReaderUtil - ARCHIVE_CHO_K426CSCQ_2017-05-27.zip
2023-04-18 09:22:03.242 INFO  [http-nio-8080-exec-9] com.aptiv.smb.util.SmbReaderUtil - ARCHIVE_CHO_K426CSCQ_2017-05-28.zip
2023-04-18 09:22:03.415 INFO  [http-nio-8080-exec-9] com.aptiv.smb.util.SmbReaderUtil - ARCHIVE_CHO_K426CSCQ_2017-05-29.zip
2023-04-18 09:22:03.614 INFO  [http-nio-8080-exec-9] com.aptiv.smb.util.SmbReaderUtil - ARCHIVE_CHO_K426CSCQ_2017-05-30.zip
2023-04-18 09:22:03.789 INFO  [http-nio-8080-exec-9] com.aptiv.smb.util.SmbReaderUtil - ARCHIVE_CHO_K426CSCQ_2017-05-31.zip
2023-04-18 09:22:04.017 INFO  [http-nio-8080-exec-9] com.aptiv.smb.util.SmbReaderUtil - ARCHIVE_CHO_K426CSCQ_2017-06-01.zip
2023-04-18 09:22:04.257 INFO  [http-nio-8080-exec-9] com.aptiv.smb.util.SmbReaderUtil - ARCHIVE_CHO_K426CSCQ_2017-06-02.zip
2023-04-18 09:22:04.440 INFO  [http-nio-8080-exec-9] com.aptiv.smb.util.SmbReaderUtil - ARCHIVE_CHO_K426CSCQ_2017-06-03.zip
2023-04-18 09:22:04.617 INFO  [http-nio-8080-exec-9] com.aptiv.smb.util.SmbReaderUtil - ARCHIVE_CHO_K426CSCQ_2017-06-04.zip
2023-04-18 09:22:04.846 INFO  [http-nio-8080-exec-9] com.aptiv.smb.util.SmbReaderUtil - ARCHIVE_CHO_K426CSCQ_2017-06-05.zip
2023-04-18 09:22:05.043 INFO  [http-nio-8080-exec-9] com.aptiv.smb.util.SmbReaderUtil - ARCHIVE_CHO_K426CSCQ_2017-06-06.zip
2023-04-18 09:22:05.233 INFO  [http-nio-8080-exec-9] com.aptiv.smb.util.SmbReaderUtil - ARCHIVE_CHO_K426CSCQ_2017-06-07.zip
2023-04-18 09:22:05.411 INFO  [http-nio-8080-exec-9] com.aptiv.smb.util.SmbReaderUtil - ARCHIVE_CHO_K426CSCQ_2017-06-08.zip
2023-04-18 09:22:05.664 INFO  [http-nio-8080-exec-9] com.aptiv.smb.util.SmbReaderUtil - ARCHIVE_CHO_K426CSCQ_2017-06-09.zip
2023-04-18 09:22:05.835 INFO  [http-nio-8080-exec-9] com.aptiv.smb.util.SmbReaderUtil - ARCHIVE_CHO_K426CSCQ_2017-06-10.zip
